Symlinking /home/bien/ros1/ros1/clone_project/humainoid/op3/project_test/op3_test/op3_test1/no1_ROBOTIS-OP3/devel/include/op3_action_module_msgs/IsRunningResponse.h
Symlinking /home/bien/ros1/ros1/clone_project/humainoid/op3/project_test/op3_test/op3_test1/no1_ROBOTIS-OP3/devel/include/op3_action_module_msgs/IsRunningRequest.h
Symlinking /home/bien/ros1/ros1/clone_project/humainoid/op3/project_test/op3_test/op3_test1/no1_ROBOTIS-OP3/devel/include/op3_action_module_msgs/IsRunning.h
Symlinking /home/bien/ros1/ros1/clone_project/humainoid/op3/project_test/op3_test/op3_test1/no1_ROBOTIS-OP3/devel/include/op3_action_module_msgs/StartAction.h
Symlinking /home/bien/ros1/ros1/clone_project/humainoid/op3/project_test/op3_test/op3_test1/no1_ROBOTIS-OP3/devel/share/common-lisp/ros/op3_action_module_msgs/srv/_package.lisp
Symlinking /home/bien/ros1/ros1/clone_project/humainoid/op3/project_test/op3_test/op3_test1/no1_ROBOTIS-OP3/devel/share/common-lisp/ros/op3_action_module_msgs/srv/_package_IsRunning.lisp
Symlinking /home/bien/ros1/ros1/clone_project/humainoid/op3/project_test/op3_test/op3_test1/no1_ROBOTIS-OP3/devel/share/common-lisp/ros/op3_action_module_msgs/srv/IsRunning.lisp
Symlinking /home/bien/ros1/ros1/clone_project/humainoid/op3/project_test/op3_test/op3_test1/no1_ROBOTIS-OP3/devel/share/common-lisp/ros/op3_action_module_msgs/srv/op3_action_module_msgs-srv.asd
Symlinking /home/bien/ros1/ros1/clone_project/humainoid/op3/project_test/op3_test/op3_test1/no1_ROBOTIS-OP3/devel/share/common-lisp/ros/op3_action_module_msgs/msg/_package.lisp
Symlinking /home/bien/ros1/ros1/clone_project/humainoid/op3/project_test/op3_test/op3_test1/no1_ROBOTIS-OP3/devel/share/common-lisp/ros/op3_action_module_msgs/msg/StartAction.lisp
Symlinking /home/bien/ros1/ros1/clone_project/humainoid/op3/project_test/op3_test/op3_test1/no1_ROBOTIS-OP3/devel/share/common-lisp/ros/op3_action_module_msgs/msg/op3_action_module_msgs-msg.asd
Symlinking /home/bien/ros1/ros1/clone_project/humainoid/op3/project_test/op3_test/op3_test1/no1_ROBOTIS-OP3/devel/share/common-lisp/ros/op3_action_module_msgs/msg/_package_StartAction.lisp
Symlinking /home/bien/ros1/ros1/clone_project/humainoid/op3/project_test/op3_test/op3_test1/no1_ROBOTIS-OP3/devel/share/gennodejs/ros/op3_action_module_msgs/_index.js
Symlinking /home/bien/ros1/ros1/clone_project/humainoid/op3/project_test/op3_test/op3_test1/no1_ROBOTIS-OP3/devel/share/gennodejs/ros/op3_action_module_msgs/srv/_index.js
Symlinking /home/bien/ros1/ros1/clone_project/humainoid/op3/project_test/op3_test/op3_test1/no1_ROBOTIS-OP3/devel/share/gennodejs/ros/op3_action_module_msgs/srv/IsRunning.js
Symlinking /home/bien/ros1/ros1/clone_project/humainoid/op3/project_test/op3_test/op3_test1/no1_ROBOTIS-OP3/devel/share/gennodejs/ros/op3_action_module_msgs/msg/_index.js
Symlinking /home/bien/ros1/ros1/clone_project/humainoid/op3/project_test/op3_test/op3_test1/no1_ROBOTIS-OP3/devel/share/gennodejs/ros/op3_action_module_msgs/msg/StartAction.js
Symlinking /home/bien/ros1/ros1/clone_project/humainoid/op3/project_test/op3_test/op3_test1/no1_ROBOTIS-OP3/devel/share/roseus/ros/op3_action_module_msgs/manifest.l
Symlinking /home/bien/ros1/ros1/clone_project/humainoid/op3/project_test/op3_test/op3_test1/no1_ROBOTIS-OP3/devel/share/roseus/ros/op3_action_module_msgs/srv/IsRunning.l
Symlinking /home/bien/ros1/ros1/clone_project/humainoid/op3/project_test/op3_test/op3_test1/no1_ROBOTIS-OP3/devel/share/roseus/ros/op3_action_module_msgs/msg/StartAction.l
Symlinking /home/bien/ros1/ros1/clone_project/humainoid/op3/project_test/op3_test/op3_test1/no1_ROBOTIS-OP3/devel/share/op3_action_module_msgs/cmake/op3_action_module_msgs-msg-extras.cmake
Symlinking /home/bien/ros1/ros1/clone_project/humainoid/op3/project_test/op3_test/op3_test1/no1_ROBOTIS-OP3/devel/share/op3_action_module_msgs/cmake/op3_action_module_msgs-msg-paths.cmake
Symlinking /home/bien/ros1/ros1/clone_project/humainoid/op3/project_test/op3_test/op3_test1/no1_ROBOTIS-OP3/devel/share/op3_action_module_msgs/cmake/op3_action_module_msgsConfig.cmake
Symlinking /home/bien/ros1/ros1/clone_project/humainoid/op3/project_test/op3_test/op3_test1/no1_ROBOTIS-OP3/devel/share/op3_action_module_msgs/cmake/op3_action_module_msgsConfig-version.cmake
Symlinking /home/bien/ros1/ros1/clone_project/humainoid/op3/project_test/op3_test/op3_test1/no1_ROBOTIS-OP3/devel/lib/python3/dist-packages/op3_action_module_msgs/__init__.py
Symlinking /home/bien/ros1/ros1/clone_project/humainoid/op3/project_test/op3_test/op3_test1/no1_ROBOTIS-OP3/devel/lib/python3/dist-packages/op3_action_module_msgs/srv/_IsRunning.py
Symlinking /home/bien/ros1/ros1/clone_project/humainoid/op3/project_test/op3_test/op3_test1/no1_ROBOTIS-OP3/devel/lib/python3/dist-packages/op3_action_module_msgs/srv/__init__.py
Symlinking /home/bien/ros1/ros1/clone_project/humainoid/op3/project_test/op3_test/op3_test1/no1_ROBOTIS-OP3/devel/lib/python3/dist-packages/op3_action_module_msgs/msg/_StartAction.py
Symlinking /home/bien/ros1/ros1/clone_project/humainoid/op3/project_test/op3_test/op3_test1/no1_ROBOTIS-OP3/devel/lib/python3/dist-packages/op3_action_module_msgs/msg/__init__.py
Symlinking /home/bien/ros1/ros1/clone_project/humainoid/op3/project_test/op3_test/op3_test1/no1_ROBOTIS-OP3/devel/lib/pkgconfig/op3_action_module_msgs.pc
