[35m[1mScanning dependencies of target rosgraph_msgs_generate_messages_lisp[0m
[35m[1mScanning dependencies of target std_msgs_generate_messages_nodejs[0m
[35m[1mScanning dependencies of target std_msgs_generate_messages_py[0m
[  0%] Built target std_msgs_generate_messages_py
[  0%] Built target std_msgs_generate_messages_nodejs
[  0%] Built target rosgraph_msgs_generate_messages_lisp
[35m[1mScanning dependencies of target std_msgs_generate_messages_lisp[0m
[35m[1mScanning dependencies of target rosgraph_msgs_generate_messages_nodejs[0m
[35m[1mScanning dependencies of target std_msgs_generate_messages_cpp[0m
[  0%] Built target std_msgs_generate_messages_cpp
[  0%] Built target std_msgs_generate_messages_lisp
[  0%] Built target rosgraph_msgs_generate_messages_nodejs
[35m[1mScanning dependencies of target roscpp_generate_messages_cpp[0m
[35m[1mScanning dependencies of target roscpp_generate_messages_py[0m
[35m[1mScanning dependencies of target roscpp_generate_messages_eus[0m
[  0%] Built target roscpp_generate_messages_cpp
[  0%] Built target roscpp_generate_messages_eus
[  0%] Built target roscpp_generate_messages_py
[35m[1mScanning dependencies of target roscpp_generate_messages_lisp[0m
[35m[1mScanning dependencies of target rosgraph_msgs_generate_messages_py[0m
[35m[1mScanning dependencies of target std_msgs_generate_messages_eus[0m
[  0%] Built target std_msgs_generate_messages_eus
[  0%] Built target rosgraph_msgs_generate_messages_py
[  0%] Built target roscpp_generate_messages_lisp
[35m[1mScanning dependencies of target roscpp_generate_messages_nodejs[0m
[35m[1mScanning dependencies of target rosgraph_msgs_generate_messages_eus[0m
[35m[1mScanning dependencies of target rosgraph_msgs_generate_messages_cpp[0m
[  0%] Built target roscpp_generate_messages_nodejs
[  0%] Built target rosgraph_msgs_generate_messages_eus
[  0%] Built target rosgraph_msgs_generate_messages_cpp
[35m[1mScanning dependencies of target robotis_math[0m
[ 27%] [32mBuilding CXX object CMakeFiles/robotis_math.dir/src/minimum_jerk_trajectory.cpp.o[0m
[ 27%] [32mBuilding CXX object CMakeFiles/robotis_math.dir/src/robotis_trajectory_calculator.cpp.o[0m
[ 27%] [32mBuilding CXX object CMakeFiles/robotis_math.dir/src/robotis_math_base.cpp.o[0m
[ 36%] [32mBuilding CXX object CMakeFiles/robotis_math.dir/src/minimum_jerk_trajectory_with_via_point.cpp.o[0m
[ 45%] [32mBuilding CXX object CMakeFiles/robotis_math.dir/src/fifth_order_polynomial_trajectory.cpp.o[0m
[ 54%] [32mBuilding CXX object CMakeFiles/robotis_math.dir/src/simple_trapezoidal_velocity_profile.cpp.o[0m
[ 63%] [32mBuilding CXX object CMakeFiles/robotis_math.dir/src/robotis_linear_algebra.cpp.o[0m
[ 72%] [32mBuilding CXX object CMakeFiles/robotis_math.dir/src/bezier_curve.cpp.o[0m
[ 81%] [32mBuilding CXX object CMakeFiles/robotis_math.dir/src/step_data_define.cpp.o[0m
[01m[K/home/bien/ros1/ros1/clone_project/humainoid/op3/project_test/op3_test/op3_test1/no1_ROBOTIS-OP3/src/robotis_math/src/step_data_define.cpp:[m[K In function ‘[01m[Kstd::ostream& robotis_framework::operator<<(std::ostream&, const robotis_framework::StepTimeData&)[m[K’:
[01m[K/home/bien/ros1/ros1/clone_project/humainoid/op3/project_test/op3_test/op3_test1/no1_ROBOTIS-OP3/src/robotis_math/src/step_data_define.cpp:71:1:[m[K [01;35m[Kwarning: [m[Kno return statement in function returning non-void [[01;35m[K-Wreturn-type[m[K]
   71 | [01;35m[K}[m[K
      | [01;35m[K^[m[K
[ 90%] [32mBuilding CXX object CMakeFiles/robotis_math.dir/src/preview_control.cpp.o[0m
[100%] [32m[1mLinking CXX shared library /home/bien/ros1/ros1/clone_project/humainoid/op3/project_test/op3_test/op3_test1/no1_ROBOTIS-OP3/devel/.private/robotis_math/lib/librobotis_math.so[0m
[100%] Built target robotis_math
