[01m[K/home/bien/ros1/ros1/clone_project/humainoid/op3/project_test/op3_test/op3_test1/no1_ROBOTIS-OP3/src/op3_online_walking_module/src/wholebody_control.cpp:[m[K In member function ‘[01m[Kstd::vector<double> WholebodyControl::getJointPosition(double)[m[K’:
[01m[K/home/bien/ros1/ros1/clone_project/humainoid/op3/project_test/op3_test/op3_test1/no1_ROBOTIS-OP3/src/op3_online_walking_module/src/wholebody_control.cpp:189:1:[m[K [01;35m[Kwarning: [m[Kno return statement in function returning non-void [[01;35m[K-Wreturn-type[m[K]
  189 | [01;35m[K}[m[K
      | [01;35m[K^[m[K
[01m[K/home/bien/ros1/ros1/clone_project/humainoid/op3/project_test/op3_test/op3_test1/no1_ROBOTIS-OP3/src/op3_online_walking_module/src/wholebody_control.cpp:[m[K In member function ‘[01m[Kstd::vector<double> WholebodyControl::getJointVelocity(double)[m[K’:
[01m[K/home/bien/ros1/ros1/clone_project/humainoid/op3/project_test/op3_test/op3_test1/no1_ROBOTIS-OP3/src/op3_online_walking_module/src/wholebody_control.cpp:194:1:[m[K [01;35m[Kwarning: [m[Kno return statement in function returning non-void [[01;35m[K-Wreturn-type[m[K]
  194 | [01;35m[K}[m[K
      | [01;35m[K^[m[K
[01m[K/home/bien/ros1/ros1/clone_project/humainoid/op3/project_test/op3_test/op3_test1/no1_ROBOTIS-OP3/src/op3_online_walking_module/src/wholebody_control.cpp:[m[K In member function ‘[01m[Kstd::vector<double> WholebodyControl::getJointAcceleration(double)[m[K’:
[01m[K/home/bien/ros1/ros1/clone_project/humainoid/op3/project_test/op3_test/op3_test1/no1_ROBOTIS-OP3/src/op3_online_walking_module/src/wholebody_control.cpp:199:1:[m[K [01;35m[Kwarning: [m[Kno return statement in function returning non-void [[01;35m[K-Wreturn-type[m[K]
  199 | [01;35m[K}[m[K
      | [01;35m[K^[m[K
[01m[K/home/bien/ros1/ros1/clone_project/humainoid/op3/project_test/op3_test/op3_test1/no1_ROBOTIS-OP3/src/op3_online_walking_module/src/wholebody_control.cpp:[m[K In member function ‘[01m[Kstd::vector<double> WholebodyControl::getTaskVelocity(double)[m[K’:
[01m[K/home/bien/ros1/ros1/clone_project/humainoid/op3/project_test/op3_test/op3_test1/no1_ROBOTIS-OP3/src/op3_online_walking_module/src/wholebody_control.cpp:213:1:[m[K [01;35m[Kwarning: [m[Kno return statement in function returning non-void [[01;35m[K-Wreturn-type[m[K]
  213 | [01;35m[K}[m[K
      | [01;35m[K^[m[K
[01m[K/home/bien/ros1/ros1/clone_project/humainoid/op3/project_test/op3_test/op3_test1/no1_ROBOTIS-OP3/src/op3_online_walking_module/src/wholebody_control.cpp:[m[K In member function ‘[01m[Kstd::vector<double> WholebodyControl::getTaskAcceleration(double)[m[K’:
[01m[K/home/bien/ros1/ros1/clone_project/humainoid/op3/project_test/op3_test/op3_test1/no1_ROBOTIS-OP3/src/op3_online_walking_module/src/wholebody_control.cpp:218:1:[m[K [01;35m[Kwarning: [m[Kno return statement in function returning non-void [[01;35m[K-Wreturn-type[m[K]
  218 | [01;35m[K}[m[K
      | [01;35m[K^[m[K
