[35m[1mScanning dependencies of target geometry_msgs_generate_messages_eus[0m
[  0%] Built target geometry_msgs_generate_messages_eus
[35m[1mScanning dependencies of target op3_online_walking_module_msgs_generate_messages_nodejs[0m
[  0%] Built target op3_online_walking_module_msgs_generate_messages_nodejs
[35m[1mScanning dependencies of target op3_online_walking_module_msgs_generate_messages_cpp[0m
[  0%] Built target op3_online_walking_module_msgs_generate_messages_cpp
[35m[1mScanning dependencies of target robotis_controller_msgs_generate_messages_nodejs[0m
[  0%] Built target robotis_controller_msgs_generate_messages_nodejs
[35m[1mScanning dependencies of target robotis_controller_msgs_generate_messages_lisp[0m
[  0%] Built target robotis_controller_msgs_generate_messages_lisp
[35m[1mScanning dependencies of target robotis_controller_msgs_generate_messages_eus[0m
[  0%] Built target robotis_controller_msgs_generate_messages_eus
[35m[1mScanning dependencies of target rosgraph_msgs_generate_messages_eus[0m
[  0%] Built target rosgraph_msgs_generate_messages_eus
[35m[1mScanning dependencies of target op3_online_walking_module_msgs_generate_messages_eus[0m
[  0%] Built target op3_online_walking_module_msgs_generate_messages_eus
[35m[1mScanning dependencies of target rosgraph_msgs_generate_messages_cpp[0m
[  0%] Built target rosgraph_msgs_generate_messages_cpp
[35m[1mScanning dependencies of target op3_online_walking_module_msgs_generate_messages_lisp[0m
[  0%] Built target op3_online_walking_module_msgs_generate_messages_lisp
[35m[1mScanning dependencies of target roscpp_generate_messages_nodejs[0m
[  0%] Built target roscpp_generate_messages_nodejs
[35m[1mScanning dependencies of target std_msgs_generate_messages_eus[0m
[  0%] Built target std_msgs_generate_messages_eus
[35m[1mScanning dependencies of target geometry_msgs_generate_messages_lisp[0m
[  0%] Built target geometry_msgs_generate_messages_lisp
[35m[1mScanning dependencies of target geometry_msgs_generate_messages_py[0m
[  0%] Built target geometry_msgs_generate_messages_py
[35m[1mScanning dependencies of target sensor_msgs_generate_messages_py[0m
[  0%] Built target sensor_msgs_generate_messages_py
[35m[1mScanning dependencies of target geometry_msgs_generate_messages_cpp[0m
[  0%] Built target geometry_msgs_generate_messages_cpp
[35m[1mScanning dependencies of target geometry_msgs_generate_messages_nodejs[0m
[  0%] Built target geometry_msgs_generate_messages_nodejs
[35m[1mScanning dependencies of target roscpp_generate_messages_eus[0m
[  0%] Built target roscpp_generate_messages_eus
[35m[1mScanning dependencies of target sensor_msgs_generate_messages_lisp[0m
[  0%] Built target sensor_msgs_generate_messages_lisp
[35m[1mScanning dependencies of target sensor_msgs_generate_messages_nodejs[0m
[  0%] Built target sensor_msgs_generate_messages_nodejs
[35m[1mScanning dependencies of target roscpp_generate_messages_py[0m
[  0%] Built target roscpp_generate_messages_py
[35m[1mScanning dependencies of target roscpp_generate_messages_cpp[0m
[  0%] Built target roscpp_generate_messages_cpp
[35m[1mScanning dependencies of target sensor_msgs_generate_messages_eus[0m
[  0%] Built target sensor_msgs_generate_messages_eus
[35m[1mScanning dependencies of target rosgraph_msgs_generate_messages_py[0m
[  0%] Built target rosgraph_msgs_generate_messages_py
[35m[1mScanning dependencies of target robotis_controller_msgs_generate_messages_py[0m
[  0%] Built target robotis_controller_msgs_generate_messages_py
[35m[1mScanning dependencies of target rosgraph_msgs_generate_messages_lisp[0m
[  0%] Built target rosgraph_msgs_generate_messages_lisp
[35m[1mScanning dependencies of target op3_online_walking_module_msgs_generate_messages_py[0m
[  0%] Built target op3_online_walking_module_msgs_generate_messages_py
[35m[1mScanning dependencies of target robotis_controller_msgs_generate_messages_cpp[0m
[  0%] Built target robotis_controller_msgs_generate_messages_cpp
[35m[1mScanning dependencies of target std_msgs_generate_messages_lisp[0m
[  0%] Built target std_msgs_generate_messages_lisp
[35m[1mScanning dependencies of target roscpp_generate_messages_lisp[0m
[  0%] Built target roscpp_generate_messages_lisp
[35m[1mScanning dependencies of target rosgraph_msgs_generate_messages_nodejs[0m
[  0%] Built target rosgraph_msgs_generate_messages_nodejs
[35m[1mScanning dependencies of target std_msgs_generate_messages_cpp[0m
[  0%] Built target std_msgs_generate_messages_cpp
[35m[1mScanning dependencies of target std_msgs_generate_messages_py[0m
[  0%] Built target std_msgs_generate_messages_py
[35m[1mScanning dependencies of target sensor_msgs_generate_messages_cpp[0m
[  0%] Built target sensor_msgs_generate_messages_cpp
[35m[1mScanning dependencies of target std_msgs_generate_messages_nodejs[0m
[  0%] Built target std_msgs_generate_messages_nodejs
[35m[1mScanning dependencies of target op3_online_walking_module[0m
[ 16%] [32mBuilding CXX object CMakeFiles/op3_online_walking_module.dir/src/online_walking_module.cpp.o[0m
[ 33%] [32mBuilding CXX object CMakeFiles/op3_online_walking_module.dir/src/joint_control.cpp.o[0m
[ 50%] [32mBuilding CXX object CMakeFiles/op3_online_walking_module.dir/src/walking_control.cpp.o[0m
[ 66%] [32mBuilding CXX object CMakeFiles/op3_online_walking_module.dir/src/wholebody_control.cpp.o[0m
[ 83%] [32mBuilding CXX object CMakeFiles/op3_online_walking_module.dir/src/op3_kdl.cpp.o[0m
[01m[K/home/bien/ros1/ros1/clone_project/humainoid/op3/project_test/op3_test/op3_test1/no1_ROBOTIS-OP3/src/op3_online_walking_module/src/wholebody_control.cpp:[m[K In member function ‘[01m[Kstd::vector<double> WholebodyControl::getJointPosition(double)[m[K’:
[01m[K/home/bien/ros1/ros1/clone_project/humainoid/op3/project_test/op3_test/op3_test1/no1_ROBOTIS-OP3/src/op3_online_walking_module/src/wholebody_control.cpp:189:1:[m[K [01;35m[Kwarning: [m[Kno return statement in function returning non-void [[01;35m[K-Wreturn-type[m[K]
  189 | [01;35m[K}[m[K
      | [01;35m[K^[m[K
[01m[K/home/bien/ros1/ros1/clone_project/humainoid/op3/project_test/op3_test/op3_test1/no1_ROBOTIS-OP3/src/op3_online_walking_module/src/wholebody_control.cpp:[m[K In member function ‘[01m[Kstd::vector<double> WholebodyControl::getJointVelocity(double)[m[K’:
[01m[K/home/bien/ros1/ros1/clone_project/humainoid/op3/project_test/op3_test/op3_test1/no1_ROBOTIS-OP3/src/op3_online_walking_module/src/wholebody_control.cpp:194:1:[m[K [01;35m[Kwarning: [m[Kno return statement in function returning non-void [[01;35m[K-Wreturn-type[m[K]
  194 | [01;35m[K}[m[K
      | [01;35m[K^[m[K
[01m[K/home/bien/ros1/ros1/clone_project/humainoid/op3/project_test/op3_test/op3_test1/no1_ROBOTIS-OP3/src/op3_online_walking_module/src/wholebody_control.cpp:[m[K In member function ‘[01m[Kstd::vector<double> WholebodyControl::getJointAcceleration(double)[m[K’:
[01m[K/home/bien/ros1/ros1/clone_project/humainoid/op3/project_test/op3_test/op3_test1/no1_ROBOTIS-OP3/src/op3_online_walking_module/src/wholebody_control.cpp:199:1:[m[K [01;35m[Kwarning: [m[Kno return statement in function returning non-void [[01;35m[K-Wreturn-type[m[K]
  199 | [01;35m[K}[m[K
      | [01;35m[K^[m[K
[01m[K/home/bien/ros1/ros1/clone_project/humainoid/op3/project_test/op3_test/op3_test1/no1_ROBOTIS-OP3/src/op3_online_walking_module/src/wholebody_control.cpp:[m[K In member function ‘[01m[Kstd::vector<double> WholebodyControl::getTaskVelocity(double)[m[K’:
[01m[K/home/bien/ros1/ros1/clone_project/humainoid/op3/project_test/op3_test/op3_test1/no1_ROBOTIS-OP3/src/op3_online_walking_module/src/wholebody_control.cpp:213:1:[m[K [01;35m[Kwarning: [m[Kno return statement in function returning non-void [[01;35m[K-Wreturn-type[m[K]
  213 | [01;35m[K}[m[K
      | [01;35m[K^[m[K
[01m[K/home/bien/ros1/ros1/clone_project/humainoid/op3/project_test/op3_test/op3_test1/no1_ROBOTIS-OP3/src/op3_online_walking_module/src/wholebody_control.cpp:[m[K In member function ‘[01m[Kstd::vector<double> WholebodyControl::getTaskAcceleration(double)[m[K’:
[01m[K/home/bien/ros1/ros1/clone_project/humainoid/op3/project_test/op3_test/op3_test1/no1_ROBOTIS-OP3/src/op3_online_walking_module/src/wholebody_control.cpp:218:1:[m[K [01;35m[Kwarning: [m[Kno return statement in function returning non-void [[01;35m[K-Wreturn-type[m[K]
  218 | [01;35m[K}[m[K
      | [01;35m[K^[m[K
[100%] [32m[1mLinking CXX shared library /home/bien/ros1/ros1/clone_project/humainoid/op3/project_test/op3_test/op3_test1/no1_ROBOTIS-OP3/devel/.private/op3_online_walking_module/lib/libop3_online_walking_module.so[0m
[100%] Built target op3_online_walking_module
