[35m[1mScanning dependencies of target _robotis_controller_msgs_generate_messages_check_deps_GetJointModule[0m
[  0%] Built target _robotis_controller_msgs_generate_messages_check_deps_GetJointModule
[35m[1mScanning dependencies of target _robotis_controller_msgs_generate_messages_check_deps_LoadOffset[0m
[  0%] Built target _robotis_controller_msgs_generate_messages_check_deps_LoadOffset
[35m[1mScanning dependencies of target _robotis_controller_msgs_generate_messages_check_deps_SetJointModule[0m
[  0%] Built target _robotis_controller_msgs_generate_messages_check_deps_SetJointModule
[35m[1mScanning dependencies of target sensor_msgs_generate_messages_py[0m
[  0%] Built target sensor_msgs_generate_messages_py
[35m[1mScanning dependencies of target std_msgs_generate_messages_py[0m
[  0%] Built target std_msgs_generate_messages_py
[35m[1mScanning dependencies of target _robotis_controller_msgs_generate_messages_check_deps_SyncWriteItem[0m
[35m[1mScanning dependencies of target _robotis_controller_msgs_generate_messages_check_deps_JointCtrlModule[0m
[  0%] Built target _robotis_controller_msgs_generate_messages_check_deps_SyncWriteItem
[35m[1mScanning dependencies of target _robotis_controller_msgs_generate_messages_check_deps_StatusMsg[0m
[  0%] Built target _robotis_controller_msgs_generate_messages_check_deps_JointCtrlModule
[35m[1mScanning dependencies of target _robotis_controller_msgs_generate_messages_check_deps_WriteControlTable[0m
[  0%] Built target _robotis_controller_msgs_generate_messages_check_deps_StatusMsg
[35m[1mScanning dependencies of target _robotis_controller_msgs_generate_messages_check_deps_SetModule[0m
[  0%] Built target _robotis_controller_msgs_generate_messages_check_deps_WriteControlTable
[35m[1mScanning dependencies of target sensor_msgs_generate_messages_nodejs[0m
[  0%] Built target sensor_msgs_generate_messages_nodejs
[35m[1mScanning dependencies of target std_msgs_generate_messages_nodejs[0m
[  0%] Built target _robotis_controller_msgs_generate_messages_check_deps_SetModule
[  0%] Built target std_msgs_generate_messages_nodejs
[35m[1mScanning dependencies of target std_msgs_generate_messages_lisp[0m
[  0%] Built target std_msgs_generate_messages_lisp
[35m[1mScanning dependencies of target sensor_msgs_generate_messages_lisp[0m
[  0%] Built target sensor_msgs_generate_messages_lisp
[35m[1mScanning dependencies of target sensor_msgs_generate_messages_eus[0m
[  0%] Built target sensor_msgs_generate_messages_eus
[35m[1mScanning dependencies of target std_msgs_generate_messages_eus[0m
[  0%] Built target std_msgs_generate_messages_eus
[35m[1mScanning dependencies of target sensor_msgs_generate_messages_cpp[0m
[  0%] Built target sensor_msgs_generate_messages_cpp
[35m[1mScanning dependencies of target std_msgs_generate_messages_cpp[0m
[  0%] Built target std_msgs_generate_messages_cpp
[35m[1mScanning dependencies of target robotis_controller_msgs_generate_messages_py[0m
[35m[1mScanning dependencies of target robotis_controller_msgs_generate_messages_nodejs[0m
[  2%] [34m[1mGenerating Python from MSG robotis_controller_msgs/SyncWriteItem[0m
[  4%] [34m[1mGenerating Javascript code from robotis_controller_msgs/SyncWriteItem.msg[0m
[  6%] [34m[1mGenerating Javascript code from robotis_controller_msgs/JointCtrlModule.msg[0m
[  9%] [34m[1mGenerating Javascript code from robotis_controller_msgs/StatusMsg.msg[0m
[ 11%] [34m[1mGenerating Javascript code from robotis_controller_msgs/WriteControlTable.msg[0m
[ 13%] [34m[1mGenerating Python from MSG robotis_controller_msgs/JointCtrlModule[0m
[ 16%] [34m[1mGenerating Javascript code from robotis_controller_msgs/GetJointModule.srv[0m
[ 18%] [34m[1mGenerating Javascript code from robotis_controller_msgs/SetJointModule.srv[0m
[ 20%] [34m[1mGenerating Javascript code from robotis_controller_msgs/SetModule.srv[0m
[ 23%] [34m[1mGenerating Javascript code from robotis_controller_msgs/LoadOffset.srv[0m
[ 25%] [34m[1mGenerating Python from MSG robotis_controller_msgs/StatusMsg[0m
[ 25%] Built target robotis_controller_msgs_generate_messages_nodejs
[35m[1mScanning dependencies of target robotis_controller_msgs_generate_messages_lisp[0m
[ 27%] [34m[1mGenerating Lisp code from robotis_controller_msgs/SyncWriteItem.msg[0m
[ 30%] [34m[1mGenerating Lisp code from robotis_controller_msgs/JointCtrlModule.msg[0m
[ 32%] [34m[1mGenerating Lisp code from robotis_controller_msgs/StatusMsg.msg[0m
[ 34%] [34m[1mGenerating Lisp code from robotis_controller_msgs/WriteControlTable.msg[0m
[ 37%] [34m[1mGenerating Python from MSG robotis_controller_msgs/WriteControlTable[0m
[ 39%] [34m[1mGenerating Lisp code from robotis_controller_msgs/GetJointModule.srv[0m
[ 41%] [34m[1mGenerating Lisp code from robotis_controller_msgs/SetJointModule.srv[0m
[ 44%] [34m[1mGenerating Lisp code from robotis_controller_msgs/SetModule.srv[0m
[ 46%] [34m[1mGenerating Lisp code from robotis_controller_msgs/LoadOffset.srv[0m
[ 48%] [34m[1mGenerating Python code from SRV robotis_controller_msgs/GetJointModule[0m
[ 48%] Built target robotis_controller_msgs_generate_messages_lisp
[35m[1mScanning dependencies of target robotis_controller_msgs_generate_messages_eus[0m
[ 51%] [34m[1mGenerating EusLisp code from robotis_controller_msgs/SyncWriteItem.msg[0m
[ 53%] [34m[1mGenerating EusLisp code from robotis_controller_msgs/JointCtrlModule.msg[0m
[ 55%] [34m[1mGenerating Python code from SRV robotis_controller_msgs/SetJointModule[0m
[ 58%] [34m[1mGenerating EusLisp code from robotis_controller_msgs/StatusMsg.msg[0m
[ 60%] [34m[1mGenerating EusLisp code from robotis_controller_msgs/WriteControlTable.msg[0m
[ 62%] [34m[1mGenerating Python code from SRV robotis_controller_msgs/SetModule[0m
[ 65%] [34m[1mGenerating EusLisp code from robotis_controller_msgs/GetJointModule.srv[0m
[ 67%] [34m[1mGenerating EusLisp code from robotis_controller_msgs/SetJointModule.srv[0m
[ 69%] [34m[1mGenerating EusLisp code from robotis_controller_msgs/SetModule.srv[0m
[ 72%] [34m[1mGenerating Python code from SRV robotis_controller_msgs/LoadOffset[0m
[ 74%] [34m[1mGenerating EusLisp code from robotis_controller_msgs/LoadOffset.srv[0m
[ 76%] [34m[1mGenerating EusLisp manifest code for robotis_controller_msgs[0m
[ 79%] [34m[1mGenerating Python msg __init__.py for robotis_controller_msgs[0m
[ 81%] [34m[1mGenerating Python srv __init__.py for robotis_controller_msgs[0m
[ 81%] Built target robotis_controller_msgs_generate_messages_py
[ 81%] Built target robotis_controller_msgs_generate_messages_eus
[35m[1mScanning dependencies of target robotis_controller_msgs_generate_messages_cpp[0m
[ 83%] [34m[1mGenerating C++ code from robotis_controller_msgs/SyncWriteItem.msg[0m
[ 86%] [34m[1mGenerating C++ code from robotis_controller_msgs/JointCtrlModule.msg[0m
[ 88%] [34m[1mGenerating C++ code from robotis_controller_msgs/StatusMsg.msg[0m
[ 90%] [34m[1mGenerating C++ code from robotis_controller_msgs/WriteControlTable.msg[0m
[ 93%] [34m[1mGenerating C++ code from robotis_controller_msgs/GetJointModule.srv[0m
[ 95%] [34m[1mGenerating C++ code from robotis_controller_msgs/SetJointModule.srv[0m
[ 97%] [34m[1mGenerating C++ code from robotis_controller_msgs/SetModule.srv[0m
[100%] [34m[1mGenerating C++ code from robotis_controller_msgs/LoadOffset.srv[0m
[100%] Built target robotis_controller_msgs_generate_messages_cpp
[35m[1mScanning dependencies of target robotis_controller_msgs_generate_messages[0m
[100%] Built target robotis_controller_msgs_generate_messages
