Symlinking /home/bien/ros1/ros1/clone_project/humainoid/op3/project_test/op3_test/op3_test1/no1_ROBOTIS-OP3/devel/include/robotis_controller_msgs/StatusMsg.h
Symlinking /home/bien/ros1/ros1/clone_project/humainoid/op3/project_test/op3_test/op3_test1/no1_ROBOTIS-OP3/devel/include/robotis_controller_msgs/SetModule.h
Symlinking /home/bien/ros1/ros1/clone_project/humainoid/op3/project_test/op3_test/op3_test1/no1_ROBOTIS-OP3/devel/include/robotis_controller_msgs/SetJointModuleResponse.h
Symlinking /home/bien/ros1/ros1/clone_project/humainoid/op3/project_test/op3_test/op3_test1/no1_ROBOTIS-OP3/devel/include/robotis_controller_msgs/GetJointModuleRequest.h
Symlinking /home/bien/ros1/ros1/clone_project/humainoid/op3/project_test/op3_test/op3_test1/no1_ROBOTIS-OP3/devel/include/robotis_controller_msgs/SetJointModule.h
Symlinking /home/bien/ros1/ros1/clone_project/humainoid/op3/project_test/op3_test/op3_test1/no1_ROBOTIS-OP3/devel/include/robotis_controller_msgs/SetModuleRequest.h
Symlinking /home/bien/ros1/ros1/clone_project/humainoid/op3/project_test/op3_test/op3_test1/no1_ROBOTIS-OP3/devel/include/robotis_controller_msgs/GetJointModule.h
Symlinking /home/bien/ros1/ros1/clone_project/humainoid/op3/project_test/op3_test/op3_test1/no1_ROBOTIS-OP3/devel/include/robotis_controller_msgs/LoadOffsetRequest.h
Symlinking /home/bien/ros1/ros1/clone_project/humainoid/op3/project_test/op3_test/op3_test1/no1_ROBOTIS-OP3/devel/include/robotis_controller_msgs/LoadOffsetResponse.h
Symlinking /home/bien/ros1/ros1/clone_project/humainoid/op3/project_test/op3_test/op3_test1/no1_ROBOTIS-OP3/devel/include/robotis_controller_msgs/JointCtrlModule.h
Symlinking /home/bien/ros1/ros1/clone_project/humainoid/op3/project_test/op3_test/op3_test1/no1_ROBOTIS-OP3/devel/include/robotis_controller_msgs/LoadOffset.h
Symlinking /home/bien/ros1/ros1/clone_project/humainoid/op3/project_test/op3_test/op3_test1/no1_ROBOTIS-OP3/devel/include/robotis_controller_msgs/WriteControlTable.h
Symlinking /home/bien/ros1/ros1/clone_project/humainoid/op3/project_test/op3_test/op3_test1/no1_ROBOTIS-OP3/devel/include/robotis_controller_msgs/SyncWriteItem.h
Symlinking /home/bien/ros1/ros1/clone_project/humainoid/op3/project_test/op3_test/op3_test1/no1_ROBOTIS-OP3/devel/include/robotis_controller_msgs/GetJointModuleResponse.h
Symlinking /home/bien/ros1/ros1/clone_project/humainoid/op3/project_test/op3_test/op3_test1/no1_ROBOTIS-OP3/devel/include/robotis_controller_msgs/SetJointModuleRequest.h
Symlinking /home/bien/ros1/ros1/clone_project/humainoid/op3/project_test/op3_test/op3_test1/no1_ROBOTIS-OP3/devel/include/robotis_controller_msgs/SetModuleResponse.h
Symlinking /home/bien/ros1/ros1/clone_project/humainoid/op3/project_test/op3_test/op3_test1/no1_ROBOTIS-OP3/devel/share/robotis_controller_msgs/cmake/robotis_controller_msgsConfig-version.cmake
Symlinking /home/bien/ros1/ros1/clone_project/humainoid/op3/project_test/op3_test/op3_test1/no1_ROBOTIS-OP3/devel/share/robotis_controller_msgs/cmake/robotis_controller_msgsConfig.cmake
Symlinking /home/bien/ros1/ros1/clone_project/humainoid/op3/project_test/op3_test/op3_test1/no1_ROBOTIS-OP3/devel/share/robotis_controller_msgs/cmake/robotis_controller_msgs-msg-extras.cmake
Symlinking /home/bien/ros1/ros1/clone_project/humainoid/op3/project_test/op3_test/op3_test1/no1_ROBOTIS-OP3/devel/share/robotis_controller_msgs/cmake/robotis_controller_msgs-msg-paths.cmake
Symlinking /home/bien/ros1/ros1/clone_project/humainoid/op3/project_test/op3_test/op3_test1/no1_ROBOTIS-OP3/devel/share/common-lisp/ros/robotis_controller_msgs/srv/robotis_controller_msgs-srv.asd
Symlinking /home/bien/ros1/ros1/clone_project/humainoid/op3/project_test/op3_test/op3_test1/no1_ROBOTIS-OP3/devel/share/common-lisp/ros/robotis_controller_msgs/srv/SetModule.lisp
Symlinking /home/bien/ros1/ros1/clone_project/humainoid/op3/project_test/op3_test/op3_test1/no1_ROBOTIS-OP3/devel/share/common-lisp/ros/robotis_controller_msgs/srv/_package_SetModule.lisp
Symlinking /home/bien/ros1/ros1/clone_project/humainoid/op3/project_test/op3_test/op3_test1/no1_ROBOTIS-OP3/devel/share/common-lisp/ros/robotis_controller_msgs/srv/_package_SetJointModule.lisp
Symlinking /home/bien/ros1/ros1/clone_project/humainoid/op3/project_test/op3_test/op3_test1/no1_ROBOTIS-OP3/devel/share/common-lisp/ros/robotis_controller_msgs/srv/_package.lisp
Symlinking /home/bien/ros1/ros1/clone_project/humainoid/op3/project_test/op3_test/op3_test1/no1_ROBOTIS-OP3/devel/share/common-lisp/ros/robotis_controller_msgs/srv/_package_GetJointModule.lisp
Symlinking /home/bien/ros1/ros1/clone_project/humainoid/op3/project_test/op3_test/op3_test1/no1_ROBOTIS-OP3/devel/share/common-lisp/ros/robotis_controller_msgs/srv/SetJointModule.lisp
Symlinking /home/bien/ros1/ros1/clone_project/humainoid/op3/project_test/op3_test/op3_test1/no1_ROBOTIS-OP3/devel/share/common-lisp/ros/robotis_controller_msgs/srv/LoadOffset.lisp
Symlinking /home/bien/ros1/ros1/clone_project/humainoid/op3/project_test/op3_test/op3_test1/no1_ROBOTIS-OP3/devel/share/common-lisp/ros/robotis_controller_msgs/srv/GetJointModule.lisp
Symlinking /home/bien/ros1/ros1/clone_project/humainoid/op3/project_test/op3_test/op3_test1/no1_ROBOTIS-OP3/devel/share/common-lisp/ros/robotis_controller_msgs/srv/_package_LoadOffset.lisp
Symlinking /home/bien/ros1/ros1/clone_project/humainoid/op3/project_test/op3_test/op3_test1/no1_ROBOTIS-OP3/devel/share/common-lisp/ros/robotis_controller_msgs/msg/_package_JointCtrlModule.lisp
Symlinking /home/bien/ros1/ros1/clone_project/humainoid/op3/project_test/op3_test/op3_test1/no1_ROBOTIS-OP3/devel/share/common-lisp/ros/robotis_controller_msgs/msg/_package.lisp
Symlinking /home/bien/ros1/ros1/clone_project/humainoid/op3/project_test/op3_test/op3_test1/no1_ROBOTIS-OP3/devel/share/common-lisp/ros/robotis_controller_msgs/msg/_package_SyncWriteItem.lisp
Symlinking /home/bien/ros1/ros1/clone_project/humainoid/op3/project_test/op3_test/op3_test1/no1_ROBOTIS-OP3/devel/share/common-lisp/ros/robotis_controller_msgs/msg/robotis_controller_msgs-msg.asd
Symlinking /home/bien/ros1/ros1/clone_project/humainoid/op3/project_test/op3_test/op3_test1/no1_ROBOTIS-OP3/devel/share/common-lisp/ros/robotis_controller_msgs/msg/SyncWriteItem.lisp
Symlinking /home/bien/ros1/ros1/clone_project/humainoid/op3/project_test/op3_test/op3_test1/no1_ROBOTIS-OP3/devel/share/common-lisp/ros/robotis_controller_msgs/msg/WriteControlTable.lisp
Symlinking /home/bien/ros1/ros1/clone_project/humainoid/op3/project_test/op3_test/op3_test1/no1_ROBOTIS-OP3/devel/share/common-lisp/ros/robotis_controller_msgs/msg/_package_WriteControlTable.lisp
Symlinking /home/bien/ros1/ros1/clone_project/humainoid/op3/project_test/op3_test/op3_test1/no1_ROBOTIS-OP3/devel/share/common-lisp/ros/robotis_controller_msgs/msg/StatusMsg.lisp
Symlinking /home/bien/ros1/ros1/clone_project/humainoid/op3/project_test/op3_test/op3_test1/no1_ROBOTIS-OP3/devel/share/common-lisp/ros/robotis_controller_msgs/msg/JointCtrlModule.lisp
Symlinking /home/bien/ros1/ros1/clone_project/humainoid/op3/project_test/op3_test/op3_test1/no1_ROBOTIS-OP3/devel/share/common-lisp/ros/robotis_controller_msgs/msg/_package_StatusMsg.lisp
Symlinking /home/bien/ros1/ros1/clone_project/humainoid/op3/project_test/op3_test/op3_test1/no1_ROBOTIS-OP3/devel/share/gennodejs/ros/robotis_controller_msgs/_index.js
Symlinking /home/bien/ros1/ros1/clone_project/humainoid/op3/project_test/op3_test/op3_test1/no1_ROBOTIS-OP3/devel/share/gennodejs/ros/robotis_controller_msgs/srv/GetJointModule.js
Symlinking /home/bien/ros1/ros1/clone_project/humainoid/op3/project_test/op3_test/op3_test1/no1_ROBOTIS-OP3/devel/share/gennodejs/ros/robotis_controller_msgs/srv/SetJointModule.js
Symlinking /home/bien/ros1/ros1/clone_project/humainoid/op3/project_test/op3_test/op3_test1/no1_ROBOTIS-OP3/devel/share/gennodejs/ros/robotis_controller_msgs/srv/SetModule.js
Symlinking /home/bien/ros1/ros1/clone_project/humainoid/op3/project_test/op3_test/op3_test1/no1_ROBOTIS-OP3/devel/share/gennodejs/ros/robotis_controller_msgs/srv/_index.js
Symlinking /home/bien/ros1/ros1/clone_project/humainoid/op3/project_test/op3_test/op3_test1/no1_ROBOTIS-OP3/devel/share/gennodejs/ros/robotis_controller_msgs/srv/LoadOffset.js
Symlinking /home/bien/ros1/ros1/clone_project/humainoid/op3/project_test/op3_test/op3_test1/no1_ROBOTIS-OP3/devel/share/gennodejs/ros/robotis_controller_msgs/msg/SyncWriteItem.js
Symlinking /home/bien/ros1/ros1/clone_project/humainoid/op3/project_test/op3_test/op3_test1/no1_ROBOTIS-OP3/devel/share/gennodejs/ros/robotis_controller_msgs/msg/JointCtrlModule.js
Symlinking /home/bien/ros1/ros1/clone_project/humainoid/op3/project_test/op3_test/op3_test1/no1_ROBOTIS-OP3/devel/share/gennodejs/ros/robotis_controller_msgs/msg/StatusMsg.js
Symlinking /home/bien/ros1/ros1/clone_project/humainoid/op3/project_test/op3_test/op3_test1/no1_ROBOTIS-OP3/devel/share/gennodejs/ros/robotis_controller_msgs/msg/_index.js
Symlinking /home/bien/ros1/ros1/clone_project/humainoid/op3/project_test/op3_test/op3_test1/no1_ROBOTIS-OP3/devel/share/gennodejs/ros/robotis_controller_msgs/msg/WriteControlTable.js
Symlinking /home/bien/ros1/ros1/clone_project/humainoid/op3/project_test/op3_test/op3_test1/no1_ROBOTIS-OP3/devel/share/roseus/ros/robotis_controller_msgs/manifest.l
Symlinking /home/bien/ros1/ros1/clone_project/humainoid/op3/project_test/op3_test/op3_test1/no1_ROBOTIS-OP3/devel/share/roseus/ros/robotis_controller_msgs/srv/LoadOffset.l
Symlinking /home/bien/ros1/ros1/clone_project/humainoid/op3/project_test/op3_test/op3_test1/no1_ROBOTIS-OP3/devel/share/roseus/ros/robotis_controller_msgs/srv/SetJointModule.l
Symlinking /home/bien/ros1/ros1/clone_project/humainoid/op3/project_test/op3_test/op3_test1/no1_ROBOTIS-OP3/devel/share/roseus/ros/robotis_controller_msgs/srv/GetJointModule.l
Symlinking /home/bien/ros1/ros1/clone_project/humainoid/op3/project_test/op3_test/op3_test1/no1_ROBOTIS-OP3/devel/share/roseus/ros/robotis_controller_msgs/srv/SetModule.l
Symlinking /home/bien/ros1/ros1/clone_project/humainoid/op3/project_test/op3_test/op3_test1/no1_ROBOTIS-OP3/devel/share/roseus/ros/robotis_controller_msgs/msg/StatusMsg.l
Symlinking /home/bien/ros1/ros1/clone_project/humainoid/op3/project_test/op3_test/op3_test1/no1_ROBOTIS-OP3/devel/share/roseus/ros/robotis_controller_msgs/msg/JointCtrlModule.l
Symlinking /home/bien/ros1/ros1/clone_project/humainoid/op3/project_test/op3_test/op3_test1/no1_ROBOTIS-OP3/devel/share/roseus/ros/robotis_controller_msgs/msg/SyncWriteItem.l
Symlinking /home/bien/ros1/ros1/clone_project/humainoid/op3/project_test/op3_test/op3_test1/no1_ROBOTIS-OP3/devel/share/roseus/ros/robotis_controller_msgs/msg/WriteControlTable.l
Symlinking /home/bien/ros1/ros1/clone_project/humainoid/op3/project_test/op3_test/op3_test1/no1_ROBOTIS-OP3/devel/lib/python3/dist-packages/robotis_controller_msgs/__init__.py
Symlinking /home/bien/ros1/ros1/clone_project/humainoid/op3/project_test/op3_test/op3_test1/no1_ROBOTIS-OP3/devel/lib/python3/dist-packages/robotis_controller_msgs/srv/_GetJointModule.py
Symlinking /home/bien/ros1/ros1/clone_project/humainoid/op3/project_test/op3_test/op3_test1/no1_ROBOTIS-OP3/devel/lib/python3/dist-packages/robotis_controller_msgs/srv/_SetModule.py
Symlinking /home/bien/ros1/ros1/clone_project/humainoid/op3/project_test/op3_test/op3_test1/no1_ROBOTIS-OP3/devel/lib/python3/dist-packages/robotis_controller_msgs/srv/_LoadOffset.py
Symlinking /home/bien/ros1/ros1/clone_project/humainoid/op3/project_test/op3_test/op3_test1/no1_ROBOTIS-OP3/devel/lib/python3/dist-packages/robotis_controller_msgs/srv/__init__.py
Symlinking /home/bien/ros1/ros1/clone_project/humainoid/op3/project_test/op3_test/op3_test1/no1_ROBOTIS-OP3/devel/lib/python3/dist-packages/robotis_controller_msgs/srv/_SetJointModule.py
Symlinking /home/bien/ros1/ros1/clone_project/humainoid/op3/project_test/op3_test/op3_test1/no1_ROBOTIS-OP3/devel/lib/python3/dist-packages/robotis_controller_msgs/msg/_WriteControlTable.py
Symlinking /home/bien/ros1/ros1/clone_project/humainoid/op3/project_test/op3_test/op3_test1/no1_ROBOTIS-OP3/devel/lib/python3/dist-packages/robotis_controller_msgs/msg/_JointCtrlModule.py
Symlinking /home/bien/ros1/ros1/clone_project/humainoid/op3/project_test/op3_test/op3_test1/no1_ROBOTIS-OP3/devel/lib/python3/dist-packages/robotis_controller_msgs/msg/__init__.py
Symlinking /home/bien/ros1/ros1/clone_project/humainoid/op3/project_test/op3_test/op3_test1/no1_ROBOTIS-OP3/devel/lib/python3/dist-packages/robotis_controller_msgs/msg/_SyncWriteItem.py
Symlinking /home/bien/ros1/ros1/clone_project/humainoid/op3/project_test/op3_test/op3_test1/no1_ROBOTIS-OP3/devel/lib/python3/dist-packages/robotis_controller_msgs/msg/_StatusMsg.py
Symlinking /home/bien/ros1/ros1/clone_project/humainoid/op3/project_test/op3_test/op3_test1/no1_ROBOTIS-OP3/devel/lib/pkgconfig/robotis_controller_msgs.pc
