[  0%] Built target _robotis_controller_msgs_generate_messages_check_deps_GetJointModule
[  0%] Built target _robotis_controller_msgs_generate_messages_check_deps_LoadOffset
[  0%] Built target sensor_msgs_generate_messages_py
[  0%] Built target _robotis_controller_msgs_generate_messages_check_deps_SetJointModule
[  0%] Built target std_msgs_generate_messages_py
[  0%] Built target _robotis_controller_msgs_generate_messages_check_deps_JointCtrlModule
[  0%] Built target _robotis_controller_msgs_generate_messages_check_deps_SyncWriteItem
[  0%] Built target _robotis_controller_msgs_generate_messages_check_deps_WriteControlTable
[  0%] Built target _robotis_controller_msgs_generate_messages_check_deps_StatusMsg
[  0%] Built target sensor_msgs_generate_messages_nodejs
[  0%] Built target std_msgs_generate_messages_nodejs
[  0%] Built target _robotis_controller_msgs_generate_messages_check_deps_SetModule
[  0%] Built target std_msgs_generate_messages_lisp
[  0%] Built target sensor_msgs_generate_messages_lisp
[  0%] Built target sensor_msgs_generate_messages_eus
[  0%] Built target std_msgs_generate_messages_eus
[  0%] Built target std_msgs_generate_messages_cpp
[  0%] Built target sensor_msgs_generate_messages_cpp
[ 39%] Built target robotis_controller_msgs_generate_messages_nodejs
[ 41%] Built target robotis_controller_msgs_generate_messages_py
[ 81%] Built target robotis_controller_msgs_generate_messages_eus
[ 81%] Built target robotis_controller_msgs_generate_messages_lisp
[100%] Built target robotis_controller_msgs_generate_messages_cpp
[100%] Built target robotis_controller_msgs_generate_messages
