Symlinking /home/bien/ros1/ros1/clone_project/humainoid/op3/project_test/op3_test/op3_test1/no1_ROBOTIS-OP3/devel/include/op3_online_walking_module_msgs/GetPreviewMatrix.h
Symlinking /home/bien/ros1/ros1/clone_project/humainoid/op3/project_test/op3_test/op3_test1/no1_ROBOTIS-OP3/devel/include/op3_online_walking_module_msgs/FootStepArray.h
Symlinking /home/bien/ros1/ros1/clone_project/humainoid/op3/project_test/op3_test/op3_test1/no1_ROBOTIS-OP3/devel/include/op3_online_walking_module_msgs/GetJointPoseResponse.h
Symlinking /home/bien/ros1/ros1/clone_project/humainoid/op3/project_test/op3_test/op3_test1/no1_ROBOTIS-OP3/devel/include/op3_online_walking_module_msgs/Step2DArray.h
Symlinking /home/bien/ros1/ros1/clone_project/humainoid/op3/project_test/op3_test/op3_test1/no1_ROBOTIS-OP3/devel/include/op3_online_walking_module_msgs/GetPreviewMatrixResponse.h
Symlinking /home/bien/ros1/ros1/clone_project/humainoid/op3/project_test/op3_test/op3_test1/no1_ROBOTIS-OP3/devel/include/op3_online_walking_module_msgs/PreviewRequest.h
Symlinking /home/bien/ros1/ros1/clone_project/humainoid/op3/project_test/op3_test/op3_test1/no1_ROBOTIS-OP3/devel/include/op3_online_walking_module_msgs/GetKinematicsPoseRequest.h
Symlinking /home/bien/ros1/ros1/clone_project/humainoid/op3/project_test/op3_test/op3_test1/no1_ROBOTIS-OP3/devel/include/op3_online_walking_module_msgs/GetJointPose.h
Symlinking /home/bien/ros1/ros1/clone_project/humainoid/op3/project_test/op3_test/op3_test1/no1_ROBOTIS-OP3/devel/include/op3_online_walking_module_msgs/WalkingParam.h
Symlinking /home/bien/ros1/ros1/clone_project/humainoid/op3/project_test/op3_test/op3_test1/no1_ROBOTIS-OP3/devel/include/op3_online_walking_module_msgs/Step2D.h
Symlinking /home/bien/ros1/ros1/clone_project/humainoid/op3/project_test/op3_test/op3_test1/no1_ROBOTIS-OP3/devel/include/op3_online_walking_module_msgs/GetKinematicsPose.h
Symlinking /home/bien/ros1/ros1/clone_project/humainoid/op3/project_test/op3_test/op3_test1/no1_ROBOTIS-OP3/devel/include/op3_online_walking_module_msgs/GetPreviewMatrixRequest.h
Symlinking /home/bien/ros1/ros1/clone_project/humainoid/op3/project_test/op3_test/op3_test1/no1_ROBOTIS-OP3/devel/include/op3_online_walking_module_msgs/PreviewResponse.h
Symlinking /home/bien/ros1/ros1/clone_project/humainoid/op3/project_test/op3_test/op3_test1/no1_ROBOTIS-OP3/devel/include/op3_online_walking_module_msgs/KinematicsPose.h
Symlinking /home/bien/ros1/ros1/clone_project/humainoid/op3/project_test/op3_test/op3_test1/no1_ROBOTIS-OP3/devel/include/op3_online_walking_module_msgs/GetJointPoseRequest.h
Symlinking /home/bien/ros1/ros1/clone_project/humainoid/op3/project_test/op3_test/op3_test1/no1_ROBOTIS-OP3/devel/include/op3_online_walking_module_msgs/JointPose.h
Symlinking /home/bien/ros1/ros1/clone_project/humainoid/op3/project_test/op3_test/op3_test1/no1_ROBOTIS-OP3/devel/include/op3_online_walking_module_msgs/FootStepCommand.h
Symlinking /home/bien/ros1/ros1/clone_project/humainoid/op3/project_test/op3_test/op3_test1/no1_ROBOTIS-OP3/devel/include/op3_online_walking_module_msgs/GetKinematicsPoseResponse.h
Symlinking /home/bien/ros1/ros1/clone_project/humainoid/op3/project_test/op3_test/op3_test1/no1_ROBOTIS-OP3/devel/share/op3_online_walking_module_msgs/cmake/op3_online_walking_module_msgsConfig-version.cmake
Symlinking /home/bien/ros1/ros1/clone_project/humainoid/op3/project_test/op3_test/op3_test1/no1_ROBOTIS-OP3/devel/share/op3_online_walking_module_msgs/cmake/op3_online_walking_module_msgs-msg-paths.cmake
Symlinking /home/bien/ros1/ros1/clone_project/humainoid/op3/project_test/op3_test/op3_test1/no1_ROBOTIS-OP3/devel/share/op3_online_walking_module_msgs/cmake/op3_online_walking_module_msgsConfig.cmake
Symlinking /home/bien/ros1/ros1/clone_project/humainoid/op3/project_test/op3_test/op3_test1/no1_ROBOTIS-OP3/devel/share/op3_online_walking_module_msgs/cmake/op3_online_walking_module_msgs-msg-extras.cmake
Symlinking /home/bien/ros1/ros1/clone_project/humainoid/op3/project_test/op3_test/op3_test1/no1_ROBOTIS-OP3/devel/share/common-lisp/ros/op3_online_walking_module_msgs/srv/_package_GetJointPose.lisp
Symlinking /home/bien/ros1/ros1/clone_project/humainoid/op3/project_test/op3_test/op3_test1/no1_ROBOTIS-OP3/devel/share/common-lisp/ros/op3_online_walking_module_msgs/srv/_package.lisp
Symlinking /home/bien/ros1/ros1/clone_project/humainoid/op3/project_test/op3_test/op3_test1/no1_ROBOTIS-OP3/devel/share/common-lisp/ros/op3_online_walking_module_msgs/srv/GetJointPose.lisp
Symlinking /home/bien/ros1/ros1/clone_project/humainoid/op3/project_test/op3_test/op3_test1/no1_ROBOTIS-OP3/devel/share/common-lisp/ros/op3_online_walking_module_msgs/srv/op3_online_walking_module_msgs-srv.asd
Symlinking /home/bien/ros1/ros1/clone_project/humainoid/op3/project_test/op3_test/op3_test1/no1_ROBOTIS-OP3/devel/share/common-lisp/ros/op3_online_walking_module_msgs/srv/_package_GetPreviewMatrix.lisp
Symlinking /home/bien/ros1/ros1/clone_project/humainoid/op3/project_test/op3_test/op3_test1/no1_ROBOTIS-OP3/devel/share/common-lisp/ros/op3_online_walking_module_msgs/srv/_package_GetKinematicsPose.lisp
Symlinking /home/bien/ros1/ros1/clone_project/humainoid/op3/project_test/op3_test/op3_test1/no1_ROBOTIS-OP3/devel/share/common-lisp/ros/op3_online_walking_module_msgs/srv/GetPreviewMatrix.lisp
Symlinking /home/bien/ros1/ros1/clone_project/humainoid/op3/project_test/op3_test/op3_test1/no1_ROBOTIS-OP3/devel/share/common-lisp/ros/op3_online_walking_module_msgs/srv/GetKinematicsPose.lisp
Symlinking /home/bien/ros1/ros1/clone_project/humainoid/op3/project_test/op3_test/op3_test1/no1_ROBOTIS-OP3/devel/share/common-lisp/ros/op3_online_walking_module_msgs/msg/FootStepCommand.lisp
Symlinking /home/bien/ros1/ros1/clone_project/humainoid/op3/project_test/op3_test/op3_test1/no1_ROBOTIS-OP3/devel/share/common-lisp/ros/op3_online_walking_module_msgs/msg/op3_online_walking_module_msgs-msg.asd
Symlinking /home/bien/ros1/ros1/clone_project/humainoid/op3/project_test/op3_test/op3_test1/no1_ROBOTIS-OP3/devel/share/common-lisp/ros/op3_online_walking_module_msgs/msg/_package_FootStepCommand.lisp
Symlinking /home/bien/ros1/ros1/clone_project/humainoid/op3/project_test/op3_test/op3_test1/no1_ROBOTIS-OP3/devel/share/common-lisp/ros/op3_online_walking_module_msgs/msg/_package_PreviewRequest.lisp
Symlinking /home/bien/ros1/ros1/clone_project/humainoid/op3/project_test/op3_test/op3_test1/no1_ROBOTIS-OP3/devel/share/common-lisp/ros/op3_online_walking_module_msgs/msg/_package.lisp
Symlinking /home/bien/ros1/ros1/clone_project/humainoid/op3/project_test/op3_test/op3_test1/no1_ROBOTIS-OP3/devel/share/common-lisp/ros/op3_online_walking_module_msgs/msg/_package_KinematicsPose.lisp
Symlinking /home/bien/ros1/ros1/clone_project/humainoid/op3/project_test/op3_test/op3_test1/no1_ROBOTIS-OP3/devel/share/common-lisp/ros/op3_online_walking_module_msgs/msg/_package_FootStepArray.lisp
Symlinking /home/bien/ros1/ros1/clone_project/humainoid/op3/project_test/op3_test/op3_test1/no1_ROBOTIS-OP3/devel/share/common-lisp/ros/op3_online_walking_module_msgs/msg/WalkingParam.lisp
Symlinking /home/bien/ros1/ros1/clone_project/humainoid/op3/project_test/op3_test/op3_test1/no1_ROBOTIS-OP3/devel/share/common-lisp/ros/op3_online_walking_module_msgs/msg/_package_Step2D.lisp
Symlinking /home/bien/ros1/ros1/clone_project/humainoid/op3/project_test/op3_test/op3_test1/no1_ROBOTIS-OP3/devel/share/common-lisp/ros/op3_online_walking_module_msgs/msg/_package_PreviewResponse.lisp
Symlinking /home/bien/ros1/ros1/clone_project/humainoid/op3/project_test/op3_test/op3_test1/no1_ROBOTIS-OP3/devel/share/common-lisp/ros/op3_online_walking_module_msgs/msg/FootStepArray.lisp
Symlinking /home/bien/ros1/ros1/clone_project/humainoid/op3/project_test/op3_test/op3_test1/no1_ROBOTIS-OP3/devel/share/common-lisp/ros/op3_online_walking_module_msgs/msg/PreviewRequest.lisp
Symlinking /home/bien/ros1/ros1/clone_project/humainoid/op3/project_test/op3_test/op3_test1/no1_ROBOTIS-OP3/devel/share/common-lisp/ros/op3_online_walking_module_msgs/msg/Step2DArray.lisp
Symlinking /home/bien/ros1/ros1/clone_project/humainoid/op3/project_test/op3_test/op3_test1/no1_ROBOTIS-OP3/devel/share/common-lisp/ros/op3_online_walking_module_msgs/msg/PreviewResponse.lisp
Symlinking /home/bien/ros1/ros1/clone_project/humainoid/op3/project_test/op3_test/op3_test1/no1_ROBOTIS-OP3/devel/share/common-lisp/ros/op3_online_walking_module_msgs/msg/Step2D.lisp
Symlinking /home/bien/ros1/ros1/clone_project/humainoid/op3/project_test/op3_test/op3_test1/no1_ROBOTIS-OP3/devel/share/common-lisp/ros/op3_online_walking_module_msgs/msg/_package_JointPose.lisp
Symlinking /home/bien/ros1/ros1/clone_project/humainoid/op3/project_test/op3_test/op3_test1/no1_ROBOTIS-OP3/devel/share/common-lisp/ros/op3_online_walking_module_msgs/msg/_package_Step2DArray.lisp
Symlinking /home/bien/ros1/ros1/clone_project/humainoid/op3/project_test/op3_test/op3_test1/no1_ROBOTIS-OP3/devel/share/common-lisp/ros/op3_online_walking_module_msgs/msg/_package_WalkingParam.lisp
Symlinking /home/bien/ros1/ros1/clone_project/humainoid/op3/project_test/op3_test/op3_test1/no1_ROBOTIS-OP3/devel/share/common-lisp/ros/op3_online_walking_module_msgs/msg/KinematicsPose.lisp
Symlinking /home/bien/ros1/ros1/clone_project/humainoid/op3/project_test/op3_test/op3_test1/no1_ROBOTIS-OP3/devel/share/common-lisp/ros/op3_online_walking_module_msgs/msg/JointPose.lisp
Symlinking /home/bien/ros1/ros1/clone_project/humainoid/op3/project_test/op3_test/op3_test1/no1_ROBOTIS-OP3/devel/share/gennodejs/ros/op3_online_walking_module_msgs/_index.js
Symlinking /home/bien/ros1/ros1/clone_project/humainoid/op3/project_test/op3_test/op3_test1/no1_ROBOTIS-OP3/devel/share/gennodejs/ros/op3_online_walking_module_msgs/srv/GetKinematicsPose.js
Symlinking /home/bien/ros1/ros1/clone_project/humainoid/op3/project_test/op3_test/op3_test1/no1_ROBOTIS-OP3/devel/share/gennodejs/ros/op3_online_walking_module_msgs/srv/GetPreviewMatrix.js
Symlinking /home/bien/ros1/ros1/clone_project/humainoid/op3/project_test/op3_test/op3_test1/no1_ROBOTIS-OP3/devel/share/gennodejs/ros/op3_online_walking_module_msgs/srv/_index.js
Symlinking /home/bien/ros1/ros1/clone_project/humainoid/op3/project_test/op3_test/op3_test1/no1_ROBOTIS-OP3/devel/share/gennodejs/ros/op3_online_walking_module_msgs/srv/GetJointPose.js
Symlinking /home/bien/ros1/ros1/clone_project/humainoid/op3/project_test/op3_test/op3_test1/no1_ROBOTIS-OP3/devel/share/gennodejs/ros/op3_online_walking_module_msgs/msg/Step2DArray.js
Symlinking /home/bien/ros1/ros1/clone_project/humainoid/op3/project_test/op3_test/op3_test1/no1_ROBOTIS-OP3/devel/share/gennodejs/ros/op3_online_walking_module_msgs/msg/FootStepArray.js
Symlinking /home/bien/ros1/ros1/clone_project/humainoid/op3/project_test/op3_test/op3_test1/no1_ROBOTIS-OP3/devel/share/gennodejs/ros/op3_online_walking_module_msgs/msg/Step2D.js
Symlinking /home/bien/ros1/ros1/clone_project/humainoid/op3/project_test/op3_test/op3_test1/no1_ROBOTIS-OP3/devel/share/gennodejs/ros/op3_online_walking_module_msgs/msg/JointPose.js
Symlinking /home/bien/ros1/ros1/clone_project/humainoid/op3/project_test/op3_test/op3_test1/no1_ROBOTIS-OP3/devel/share/gennodejs/ros/op3_online_walking_module_msgs/msg/KinematicsPose.js
Symlinking /home/bien/ros1/ros1/clone_project/humainoid/op3/project_test/op3_test/op3_test1/no1_ROBOTIS-OP3/devel/share/gennodejs/ros/op3_online_walking_module_msgs/msg/FootStepCommand.js
Symlinking /home/bien/ros1/ros1/clone_project/humainoid/op3/project_test/op3_test/op3_test1/no1_ROBOTIS-OP3/devel/share/gennodejs/ros/op3_online_walking_module_msgs/msg/_index.js
Symlinking /home/bien/ros1/ros1/clone_project/humainoid/op3/project_test/op3_test/op3_test1/no1_ROBOTIS-OP3/devel/share/gennodejs/ros/op3_online_walking_module_msgs/msg/WalkingParam.js
Symlinking /home/bien/ros1/ros1/clone_project/humainoid/op3/project_test/op3_test/op3_test1/no1_ROBOTIS-OP3/devel/share/gennodejs/ros/op3_online_walking_module_msgs/msg/PreviewResponse.js
Symlinking /home/bien/ros1/ros1/clone_project/humainoid/op3/project_test/op3_test/op3_test1/no1_ROBOTIS-OP3/devel/share/gennodejs/ros/op3_online_walking_module_msgs/msg/PreviewRequest.js
Symlinking /home/bien/ros1/ros1/clone_project/humainoid/op3/project_test/op3_test/op3_test1/no1_ROBOTIS-OP3/devel/share/roseus/ros/op3_online_walking_module_msgs/manifest.l
Symlinking /home/bien/ros1/ros1/clone_project/humainoid/op3/project_test/op3_test/op3_test1/no1_ROBOTIS-OP3/devel/share/roseus/ros/op3_online_walking_module_msgs/srv/GetJointPose.l
Symlinking /home/bien/ros1/ros1/clone_project/humainoid/op3/project_test/op3_test/op3_test1/no1_ROBOTIS-OP3/devel/share/roseus/ros/op3_online_walking_module_msgs/srv/GetPreviewMatrix.l
Symlinking /home/bien/ros1/ros1/clone_project/humainoid/op3/project_test/op3_test/op3_test1/no1_ROBOTIS-OP3/devel/share/roseus/ros/op3_online_walking_module_msgs/srv/GetKinematicsPose.l
Symlinking /home/bien/ros1/ros1/clone_project/humainoid/op3/project_test/op3_test/op3_test1/no1_ROBOTIS-OP3/devel/share/roseus/ros/op3_online_walking_module_msgs/msg/Step2DArray.l
Symlinking /home/bien/ros1/ros1/clone_project/humainoid/op3/project_test/op3_test/op3_test1/no1_ROBOTIS-OP3/devel/share/roseus/ros/op3_online_walking_module_msgs/msg/FootStepArray.l
Symlinking /home/bien/ros1/ros1/clone_project/humainoid/op3/project_test/op3_test/op3_test1/no1_ROBOTIS-OP3/devel/share/roseus/ros/op3_online_walking_module_msgs/msg/Step2D.l
Symlinking /home/bien/ros1/ros1/clone_project/humainoid/op3/project_test/op3_test/op3_test1/no1_ROBOTIS-OP3/devel/share/roseus/ros/op3_online_walking_module_msgs/msg/FootStepCommand.l
Symlinking /home/bien/ros1/ros1/clone_project/humainoid/op3/project_test/op3_test/op3_test1/no1_ROBOTIS-OP3/devel/share/roseus/ros/op3_online_walking_module_msgs/msg/PreviewResponse.l
Symlinking /home/bien/ros1/ros1/clone_project/humainoid/op3/project_test/op3_test/op3_test1/no1_ROBOTIS-OP3/devel/share/roseus/ros/op3_online_walking_module_msgs/msg/JointPose.l
Symlinking /home/bien/ros1/ros1/clone_project/humainoid/op3/project_test/op3_test/op3_test1/no1_ROBOTIS-OP3/devel/share/roseus/ros/op3_online_walking_module_msgs/msg/KinematicsPose.l
Symlinking /home/bien/ros1/ros1/clone_project/humainoid/op3/project_test/op3_test/op3_test1/no1_ROBOTIS-OP3/devel/share/roseus/ros/op3_online_walking_module_msgs/msg/WalkingParam.l
Symlinking /home/bien/ros1/ros1/clone_project/humainoid/op3/project_test/op3_test/op3_test1/no1_ROBOTIS-OP3/devel/share/roseus/ros/op3_online_walking_module_msgs/msg/PreviewRequest.l
Symlinking /home/bien/ros1/ros1/clone_project/humainoid/op3/project_test/op3_test/op3_test1/no1_ROBOTIS-OP3/devel/lib/python3/dist-packages/op3_online_walking_module_msgs/__init__.py
Symlinking /home/bien/ros1/ros1/clone_project/humainoid/op3/project_test/op3_test/op3_test1/no1_ROBOTIS-OP3/devel/lib/python3/dist-packages/op3_online_walking_module_msgs/srv/_GetJointPose.py
Symlinking /home/bien/ros1/ros1/clone_project/humainoid/op3/project_test/op3_test/op3_test1/no1_ROBOTIS-OP3/devel/lib/python3/dist-packages/op3_online_walking_module_msgs/srv/_GetPreviewMatrix.py
Symlinking /home/bien/ros1/ros1/clone_project/humainoid/op3/project_test/op3_test/op3_test1/no1_ROBOTIS-OP3/devel/lib/python3/dist-packages/op3_online_walking_module_msgs/srv/__init__.py
Symlinking /home/bien/ros1/ros1/clone_project/humainoid/op3/project_test/op3_test/op3_test1/no1_ROBOTIS-OP3/devel/lib/python3/dist-packages/op3_online_walking_module_msgs/srv/_GetKinematicsPose.py
Symlinking /home/bien/ros1/ros1/clone_project/humainoid/op3/project_test/op3_test/op3_test1/no1_ROBOTIS-OP3/devel/lib/python3/dist-packages/op3_online_walking_module_msgs/msg/_PreviewResponse.py
Symlinking /home/bien/ros1/ros1/clone_project/humainoid/op3/project_test/op3_test/op3_test1/no1_ROBOTIS-OP3/devel/lib/python3/dist-packages/op3_online_walking_module_msgs/msg/_FootStepArray.py
Symlinking /home/bien/ros1/ros1/clone_project/humainoid/op3/project_test/op3_test/op3_test1/no1_ROBOTIS-OP3/devel/lib/python3/dist-packages/op3_online_walking_module_msgs/msg/_KinematicsPose.py
Symlinking /home/bien/ros1/ros1/clone_project/humainoid/op3/project_test/op3_test/op3_test1/no1_ROBOTIS-OP3/devel/lib/python3/dist-packages/op3_online_walking_module_msgs/msg/_WalkingParam.py
Symlinking /home/bien/ros1/ros1/clone_project/humainoid/op3/project_test/op3_test/op3_test1/no1_ROBOTIS-OP3/devel/lib/python3/dist-packages/op3_online_walking_module_msgs/msg/_PreviewRequest.py
Symlinking /home/bien/ros1/ros1/clone_project/humainoid/op3/project_test/op3_test/op3_test1/no1_ROBOTIS-OP3/devel/lib/python3/dist-packages/op3_online_walking_module_msgs/msg/__init__.py
Symlinking /home/bien/ros1/ros1/clone_project/humainoid/op3/project_test/op3_test/op3_test1/no1_ROBOTIS-OP3/devel/lib/python3/dist-packages/op3_online_walking_module_msgs/msg/_FootStepCommand.py
Symlinking /home/bien/ros1/ros1/clone_project/humainoid/op3/project_test/op3_test/op3_test1/no1_ROBOTIS-OP3/devel/lib/python3/dist-packages/op3_online_walking_module_msgs/msg/_JointPose.py
Symlinking /home/bien/ros1/ros1/clone_project/humainoid/op3/project_test/op3_test/op3_test1/no1_ROBOTIS-OP3/devel/lib/python3/dist-packages/op3_online_walking_module_msgs/msg/_Step2DArray.py
Symlinking /home/bien/ros1/ros1/clone_project/humainoid/op3/project_test/op3_test/op3_test1/no1_ROBOTIS-OP3/devel/lib/python3/dist-packages/op3_online_walking_module_msgs/msg/_Step2D.py
Symlinking /home/bien/ros1/ros1/clone_project/humainoid/op3/project_test/op3_test/op3_test1/no1_ROBOTIS-OP3/devel/lib/pkgconfig/op3_online_walking_module_msgs.pc
