[35m[1mScanning dependencies of target _op3_online_walking_module_msgs_generate_messages_check_deps_Step2D[0m
[  0%] Built target _op3_online_walking_module_msgs_generate_messages_check_deps_Step2D
[35m[1mScanning dependencies of target _op3_online_walking_module_msgs_generate_messages_check_deps_GetKinematicsPose[0m
[  0%] Built target _op3_online_walking_module_msgs_generate_messages_check_deps_GetKinematicsPose
[35m[1mScanning dependencies of target sensor_msgs_generate_messages_eus[0m
[  0%] Built target sensor_msgs_generate_messages_eus
[35m[1mScanning dependencies of target _op3_online_walking_module_msgs_generate_messages_check_deps_FootStepCommand[0m
[  0%] Built target _op3_online_walking_module_msgs_generate_messages_check_deps_FootStepCommand
[35m[1mScanning dependencies of target _op3_online_walking_module_msgs_generate_messages_check_deps_PreviewResponse[0m
[  0%] Built target _op3_online_walking_module_msgs_generate_messages_check_deps_PreviewResponse
[35m[1mScanning dependencies of target _op3_online_walking_module_msgs_generate_messages_check_deps_GetPreviewMatrix[0m
[  0%] Built target _op3_online_walking_module_msgs_generate_messages_check_deps_GetPreviewMatrix
[35m[1mScanning dependencies of target _op3_online_walking_module_msgs_generate_messages_check_deps_WalkingParam[0m
[  0%] Built target _op3_online_walking_module_msgs_generate_messages_check_deps_WalkingParam
[35m[1mScanning dependencies of target _op3_online_walking_module_msgs_generate_messages_check_deps_KinematicsPose[0m
[  0%] Built target _op3_online_walking_module_msgs_generate_messages_check_deps_KinematicsPose
[35m[1mScanning dependencies of target _op3_online_walking_module_msgs_generate_messages_check_deps_FootStepArray[0m
[  0%] Built target _op3_online_walking_module_msgs_generate_messages_check_deps_FootStepArray
[35m[1mScanning dependencies of target _op3_online_walking_module_msgs_generate_messages_check_deps_JointPose[0m
[  0%] Built target _op3_online_walking_module_msgs_generate_messages_check_deps_JointPose
[35m[1mScanning dependencies of target _op3_online_walking_module_msgs_generate_messages_check_deps_Step2DArray[0m
[  0%] Built target _op3_online_walking_module_msgs_generate_messages_check_deps_Step2DArray
[35m[1mScanning dependencies of target geometry_msgs_generate_messages_eus[0m
[  0%] Built target geometry_msgs_generate_messages_eus
[35m[1mScanning dependencies of target _op3_online_walking_module_msgs_generate_messages_check_deps_GetJointPose[0m
[  0%] Built target _op3_online_walking_module_msgs_generate_messages_check_deps_GetJointPose
[35m[1mScanning dependencies of target _op3_online_walking_module_msgs_generate_messages_check_deps_PreviewRequest[0m
[  0%] Built target _op3_online_walking_module_msgs_generate_messages_check_deps_PreviewRequest
[35m[1mScanning dependencies of target std_msgs_generate_messages_eus[0m
[  0%] Built target std_msgs_generate_messages_eus
[35m[1mScanning dependencies of target sensor_msgs_generate_messages_nodejs[0m
[  0%] Built target sensor_msgs_generate_messages_nodejs
[35m[1mScanning dependencies of target geometry_msgs_generate_messages_nodejs[0m
[  0%] Built target geometry_msgs_generate_messages_nodejs
[35m[1mScanning dependencies of target std_msgs_generate_messages_nodejs[0m
[  0%] Built target std_msgs_generate_messages_nodejs
[35m[1mScanning dependencies of target std_msgs_generate_messages_lisp[0m
[  0%] Built target std_msgs_generate_messages_lisp
[35m[1mScanning dependencies of target geometry_msgs_generate_messages_lisp[0m
[  0%] Built target geometry_msgs_generate_messages_lisp
[35m[1mScanning dependencies of target sensor_msgs_generate_messages_lisp[0m
[  0%] Built target sensor_msgs_generate_messages_lisp
[35m[1mScanning dependencies of target std_msgs_generate_messages_py[0m
[  0%] Built target std_msgs_generate_messages_py
[35m[1mScanning dependencies of target geometry_msgs_generate_messages_py[0m
[  0%] Built target geometry_msgs_generate_messages_py
[35m[1mScanning dependencies of target sensor_msgs_generate_messages_py[0m
[  0%] Built target sensor_msgs_generate_messages_py
[35m[1mScanning dependencies of target sensor_msgs_generate_messages_cpp[0m
[  0%] Built target sensor_msgs_generate_messages_cpp
[35m[1mScanning dependencies of target std_msgs_generate_messages_cpp[0m
[  0%] Built target std_msgs_generate_messages_cpp
[35m[1mScanning dependencies of target geometry_msgs_generate_messages_cpp[0m
[  0%] Built target geometry_msgs_generate_messages_cpp
[35m[1mScanning dependencies of target op3_online_walking_module_msgs_generate_messages_eus[0m
[  1%] [34m[1mGenerating EusLisp code from op3_online_walking_module_msgs/JointPose.msg[0m
[  3%] [34m[1mGenerating EusLisp code from op3_online_walking_module_msgs/KinematicsPose.msg[0m
[  4%] [34m[1mGenerating EusLisp code from op3_online_walking_module_msgs/FootStepCommand.msg[0m
[  6%] [34m[1mGenerating EusLisp code from op3_online_walking_module_msgs/FootStepArray.msg[0m
[  7%] [34m[1mGenerating EusLisp code from op3_online_walking_module_msgs/PreviewRequest.msg[0m
[  9%] [34m[1mGenerating EusLisp code from op3_online_walking_module_msgs/PreviewResponse.msg[0m
[ 11%] [34m[1mGenerating EusLisp code from op3_online_walking_module_msgs/WalkingParam.msg[0m
[ 12%] [34m[1mGenerating EusLisp code from op3_online_walking_module_msgs/Step2D.msg[0m
[ 14%] [34m[1mGenerating EusLisp code from op3_online_walking_module_msgs/Step2DArray.msg[0m
[ 15%] [34m[1mGenerating EusLisp code from op3_online_walking_module_msgs/GetJointPose.srv[0m
[ 17%] [34m[1mGenerating EusLisp code from op3_online_walking_module_msgs/GetKinematicsPose.srv[0m
[ 19%] [34m[1mGenerating EusLisp code from op3_online_walking_module_msgs/GetPreviewMatrix.srv[0m
[ 20%] [34m[1mGenerating EusLisp manifest code for op3_online_walking_module_msgs[0m
[ 20%] Built target op3_online_walking_module_msgs_generate_messages_eus
[35m[1mScanning dependencies of target op3_online_walking_module_msgs_generate_messages_nodejs[0m
[ 22%] [34m[1mGenerating Javascript code from op3_online_walking_module_msgs/JointPose.msg[0m
[ 23%] [34m[1mGenerating Javascript code from op3_online_walking_module_msgs/KinematicsPose.msg[0m
[ 25%] [34m[1mGenerating Javascript code from op3_online_walking_module_msgs/FootStepCommand.msg[0m
[ 26%] [34m[1mGenerating Javascript code from op3_online_walking_module_msgs/FootStepArray.msg[0m
[ 28%] [34m[1mGenerating Javascript code from op3_online_walking_module_msgs/PreviewRequest.msg[0m
[ 30%] [34m[1mGenerating Javascript code from op3_online_walking_module_msgs/PreviewResponse.msg[0m
[ 31%] [34m[1mGenerating Javascript code from op3_online_walking_module_msgs/WalkingParam.msg[0m
[ 33%] [34m[1mGenerating Javascript code from op3_online_walking_module_msgs/Step2D.msg[0m
[ 34%] [34m[1mGenerating Javascript code from op3_online_walking_module_msgs/Step2DArray.msg[0m
[ 36%] [34m[1mGenerating Javascript code from op3_online_walking_module_msgs/GetJointPose.srv[0m
[ 38%] [34m[1mGenerating Javascript code from op3_online_walking_module_msgs/GetKinematicsPose.srv[0m
[35m[1mScanning dependencies of target op3_online_walking_module_msgs_generate_messages_lisp[0m
[ 39%] [34m[1mGenerating Lisp code from op3_online_walking_module_msgs/JointPose.msg[0m
[ 41%] [34m[1mGenerating Javascript code from op3_online_walking_module_msgs/GetPreviewMatrix.srv[0m
[ 42%] [34m[1mGenerating Lisp code from op3_online_walking_module_msgs/KinematicsPose.msg[0m
[ 42%] Built target op3_online_walking_module_msgs_generate_messages_nodejs
[35m[1mScanning dependencies of target op3_online_walking_module_msgs_generate_messages_py[0m
[ 44%] [34m[1mGenerating Python from MSG op3_online_walking_module_msgs/JointPose[0m
[ 46%] [34m[1mGenerating Lisp code from op3_online_walking_module_msgs/FootStepCommand.msg[0m
[ 47%] [34m[1mGenerating Lisp code from op3_online_walking_module_msgs/FootStepArray.msg[0m
[ 49%] [34m[1mGenerating Lisp code from op3_online_walking_module_msgs/PreviewRequest.msg[0m
[ 50%] [34m[1mGenerating Lisp code from op3_online_walking_module_msgs/PreviewResponse.msg[0m
[ 52%] [34m[1mGenerating Python from MSG op3_online_walking_module_msgs/KinematicsPose[0m
[ 53%] [34m[1mGenerating Lisp code from op3_online_walking_module_msgs/WalkingParam.msg[0m
[ 55%] [34m[1mGenerating Lisp code from op3_online_walking_module_msgs/Step2D.msg[0m
[ 57%] [34m[1mGenerating Lisp code from op3_online_walking_module_msgs/Step2DArray.msg[0m
[ 58%] [34m[1mGenerating Lisp code from op3_online_walking_module_msgs/GetJointPose.srv[0m
[ 60%] [34m[1mGenerating Python from MSG op3_online_walking_module_msgs/FootStepCommand[0m
[ 61%] [34m[1mGenerating Lisp code from op3_online_walking_module_msgs/GetKinematicsPose.srv[0m
[ 63%] [34m[1mGenerating Lisp code from op3_online_walking_module_msgs/GetPreviewMatrix.srv[0m
[ 63%] Built target op3_online_walking_module_msgs_generate_messages_lisp
[35m[1mScanning dependencies of target op3_online_walking_module_msgs_generate_messages_cpp[0m
[ 65%] [34m[1mGenerating C++ code from op3_online_walking_module_msgs/JointPose.msg[0m
[ 66%] [34m[1mGenerating Python from MSG op3_online_walking_module_msgs/FootStepArray[0m
[ 68%] [34m[1mGenerating C++ code from op3_online_walking_module_msgs/KinematicsPose.msg[0m
[ 69%] [34m[1mGenerating Python from MSG op3_online_walking_module_msgs/PreviewRequest[0m
[ 71%] [34m[1mGenerating C++ code from op3_online_walking_module_msgs/FootStepCommand.msg[0m
[ 73%] [34m[1mGenerating C++ code from op3_online_walking_module_msgs/FootStepArray.msg[0m
[ 74%] [34m[1mGenerating Python from MSG op3_online_walking_module_msgs/PreviewResponse[0m
[ 76%] [34m[1mGenerating C++ code from op3_online_walking_module_msgs/PreviewRequest.msg[0m
[ 77%] [34m[1mGenerating Python from MSG op3_online_walking_module_msgs/WalkingParam[0m
[ 79%] [34m[1mGenerating C++ code from op3_online_walking_module_msgs/PreviewResponse.msg[0m
[ 80%] [34m[1mGenerating C++ code from op3_online_walking_module_msgs/WalkingParam.msg[0m
[ 82%] [34m[1mGenerating Python from MSG op3_online_walking_module_msgs/Step2D[0m
[ 84%] [34m[1mGenerating C++ code from op3_online_walking_module_msgs/Step2D.msg[0m
[ 85%] [34m[1mGenerating Python from MSG op3_online_walking_module_msgs/Step2DArray[0m
[ 87%] [34m[1mGenerating C++ code from op3_online_walking_module_msgs/Step2DArray.msg[0m
[ 88%] [34m[1mGenerating C++ code from op3_online_walking_module_msgs/GetJointPose.srv[0m
[ 90%] [34m[1mGenerating Python code from SRV op3_online_walking_module_msgs/GetJointPose[0m
[ 92%] [34m[1mGenerating Python code from SRV op3_online_walking_module_msgs/GetKinematicsPose[0m
[ 93%] [34m[1mGenerating C++ code from op3_online_walking_module_msgs/GetKinematicsPose.srv[0m
[ 95%] [34m[1mGenerating Python code from SRV op3_online_walking_module_msgs/GetPreviewMatrix[0m
[ 96%] [34m[1mGenerating C++ code from op3_online_walking_module_msgs/GetPreviewMatrix.srv[0m
[ 98%] [34m[1mGenerating Python msg __init__.py for op3_online_walking_module_msgs[0m
[ 98%] Built target op3_online_walking_module_msgs_generate_messages_cpp
[100%] [34m[1mGenerating Python srv __init__.py for op3_online_walking_module_msgs[0m
[100%] Built target op3_online_walking_module_msgs_generate_messages_py
[35m[1mScanning dependencies of target op3_online_walking_module_msgs_generate_messages[0m
[100%] Built target op3_online_walking_module_msgs_generate_messages
