[  0%] Built target _op3_online_walking_module_msgs_generate_messages_check_deps_Step2D
[  0%] Built target _op3_online_walking_module_msgs_generate_messages_check_deps_GetKinematicsPose
[  0%] Built target sensor_msgs_generate_messages_eus
[  0%] Built target _op3_online_walking_module_msgs_generate_messages_check_deps_FootStepCommand
[  0%] Built target _op3_online_walking_module_msgs_generate_messages_check_deps_PreviewResponse
[  0%] Built target _op3_online_walking_module_msgs_generate_messages_check_deps_GetPreviewMatrix
[  0%] Built target _op3_online_walking_module_msgs_generate_messages_check_deps_WalkingParam
[  0%] Built target _op3_online_walking_module_msgs_generate_messages_check_deps_KinematicsPose
[  0%] Built target _op3_online_walking_module_msgs_generate_messages_check_deps_FootStepArray
[  0%] Built target _op3_online_walking_module_msgs_generate_messages_check_deps_JointPose
[  0%] Built target geometry_msgs_generate_messages_eus
[  0%] Built target _op3_online_walking_module_msgs_generate_messages_check_deps_Step2DArray
[  0%] Built target _op3_online_walking_module_msgs_generate_messages_check_deps_GetJointPose
[  0%] Built target _op3_online_walking_module_msgs_generate_messages_check_deps_PreviewRequest
[  0%] Built target std_msgs_generate_messages_eus
[  0%] Built target sensor_msgs_generate_messages_nodejs
[  0%] Built target geometry_msgs_generate_messages_nodejs
[  0%] Built target std_msgs_generate_messages_nodejs
[  0%] Built target geometry_msgs_generate_messages_lisp
[  0%] Built target std_msgs_generate_messages_lisp
[  0%] Built target sensor_msgs_generate_messages_lisp
[  0%] Built target std_msgs_generate_messages_py
[  0%] Built target geometry_msgs_generate_messages_py
[  0%] Built target sensor_msgs_generate_messages_py
[  0%] Built target sensor_msgs_generate_messages_cpp
[  0%] Built target std_msgs_generate_messages_cpp
[  0%] Built target geometry_msgs_generate_messages_cpp
[ 20%] Built target op3_online_walking_module_msgs_generate_messages_eus
[ 39%] Built target op3_online_walking_module_msgs_generate_messages_nodejs
[ 58%] Built target op3_online_walking_module_msgs_generate_messages_lisp
[ 80%] Built target op3_online_walking_module_msgs_generate_messages_py
[100%] Built target op3_online_walking_module_msgs_generate_messages_cpp
[100%] Built target op3_online_walking_module_msgs_generate_messages
