[35m[1mScanning dependencies of target _op3_walking_module_msgs_generate_messages_check_deps_WalkingParam[0m
[  0%] Built target _op3_walking_module_msgs_generate_messages_check_deps_WalkingParam
[35m[1mScanning dependencies of target _op3_walking_module_msgs_generate_messages_check_deps_SetWalkingParam[0m
[  0%] Built target _op3_walking_module_msgs_generate_messages_check_deps_SetWalkingParam
[35m[1mScanning dependencies of target std_msgs_generate_messages_py[0m
[  0%] Built target std_msgs_generate_messages_py
[35m[1mScanning dependencies of target _op3_walking_module_msgs_generate_messages_check_deps_GetWalkingParam[0m
[  0%] Built target _op3_walking_module_msgs_generate_messages_check_deps_GetWalkingParam
[35m[1mScanning dependencies of target std_msgs_generate_messages_cpp[0m
[  0%] Built target std_msgs_generate_messages_cpp
[35m[1mScanning dependencies of target std_msgs_generate_messages_eus[0m
[  0%] Built target std_msgs_generate_messages_eus
[35m[1mScanning dependencies of target std_msgs_generate_messages_lisp[0m
[  0%] Built target std_msgs_generate_messages_lisp
[35m[1mScanning dependencies of target std_msgs_generate_messages_nodejs[0m
[  0%] Built target std_msgs_generate_messages_nodejs
[35m[1mScanning dependencies of target op3_walking_module_msgs_generate_messages_py[0m
[  5%] [34m[1mGenerating Python from MSG op3_walking_module_msgs/WalkingParam[0m
[ 11%] [34m[1mGenerating Python code from SRV op3_walking_module_msgs/GetWalkingParam[0m
[ 16%] [34m[1mGenerating Python code from SRV op3_walking_module_msgs/SetWalkingParam[0m
[ 22%] [34m[1mGenerating Python msg __init__.py for op3_walking_module_msgs[0m
[ 27%] [34m[1mGenerating Python srv __init__.py for op3_walking_module_msgs[0m
[ 27%] Built target op3_walking_module_msgs_generate_messages_py
[35m[1mScanning dependencies of target op3_walking_module_msgs_generate_messages_cpp[0m
[ 33%] [34m[1mGenerating C++ code from op3_walking_module_msgs/WalkingParam.msg[0m
[ 38%] [34m[1mGenerating C++ code from op3_walking_module_msgs/GetWalkingParam.srv[0m
[ 44%] [34m[1mGenerating C++ code from op3_walking_module_msgs/SetWalkingParam.srv[0m
[ 44%] Built target op3_walking_module_msgs_generate_messages_cpp
[35m[1mScanning dependencies of target op3_walking_module_msgs_generate_messages_eus[0m
[ 50%] [34m[1mGenerating EusLisp code from op3_walking_module_msgs/WalkingParam.msg[0m
[ 55%] [34m[1mGenerating EusLisp code from op3_walking_module_msgs/GetWalkingParam.srv[0m
[ 61%] [34m[1mGenerating EusLisp code from op3_walking_module_msgs/SetWalkingParam.srv[0m
[ 66%] [34m[1mGenerating EusLisp manifest code for op3_walking_module_msgs[0m
[35m[1mScanning dependencies of target op3_walking_module_msgs_generate_messages_lisp[0m
[ 72%] [34m[1mGenerating Lisp code from op3_walking_module_msgs/WalkingParam.msg[0m
[ 77%] [34m[1mGenerating Lisp code from op3_walking_module_msgs/GetWalkingParam.srv[0m
[ 77%] Built target op3_walking_module_msgs_generate_messages_eus
[35m[1mScanning dependencies of target op3_walking_module_msgs_generate_messages_nodejs[0m
[ 83%] [34m[1mGenerating Lisp code from op3_walking_module_msgs/SetWalkingParam.srv[0m
[ 88%] [34m[1mGenerating Javascript code from op3_walking_module_msgs/WalkingParam.msg[0m
[ 88%] Built target op3_walking_module_msgs_generate_messages_lisp
[ 94%] [34m[1mGenerating Javascript code from op3_walking_module_msgs/GetWalkingParam.srv[0m
[100%] [34m[1mGenerating Javascript code from op3_walking_module_msgs/SetWalkingParam.srv[0m
[100%] Built target op3_walking_module_msgs_generate_messages_nodejs
[35m[1mScanning dependencies of target op3_walking_module_msgs_generate_messages[0m
[100%] Built target op3_walking_module_msgs_generate_messages
