Symlinking /home/bien/ros1/ros1/clone_project/humainoid/op3/project_test/op3_test/op3_test1/no1_ROBOTIS-OP3/devel/include/op3_walking_module_msgs/SetWalkingParamRequest.h
Symlinking /home/bien/ros1/ros1/clone_project/humainoid/op3/project_test/op3_test/op3_test1/no1_ROBOTIS-OP3/devel/include/op3_walking_module_msgs/SetWalkingParam.h
Symlinking /home/bien/ros1/ros1/clone_project/humainoid/op3/project_test/op3_test/op3_test1/no1_ROBOTIS-OP3/devel/include/op3_walking_module_msgs/GetWalkingParam.h
Symlinking /home/bien/ros1/ros1/clone_project/humainoid/op3/project_test/op3_test/op3_test1/no1_ROBOTIS-OP3/devel/include/op3_walking_module_msgs/GetWalkingParamResponse.h
Symlinking /home/bien/ros1/ros1/clone_project/humainoid/op3/project_test/op3_test/op3_test1/no1_ROBOTIS-OP3/devel/include/op3_walking_module_msgs/WalkingParam.h
Symlinking /home/bien/ros1/ros1/clone_project/humainoid/op3/project_test/op3_test/op3_test1/no1_ROBOTIS-OP3/devel/include/op3_walking_module_msgs/SetWalkingParamResponse.h
Symlinking /home/bien/ros1/ros1/clone_project/humainoid/op3/project_test/op3_test/op3_test1/no1_ROBOTIS-OP3/devel/include/op3_walking_module_msgs/GetWalkingParamRequest.h
Symlinking /home/bien/ros1/ros1/clone_project/humainoid/op3/project_test/op3_test/op3_test1/no1_ROBOTIS-OP3/devel/share/op3_walking_module_msgs/cmake/op3_walking_module_msgsConfig-version.cmake
Symlinking /home/bien/ros1/ros1/clone_project/humainoid/op3/project_test/op3_test/op3_test1/no1_ROBOTIS-OP3/devel/share/op3_walking_module_msgs/cmake/op3_walking_module_msgs-msg-extras.cmake
Symlinking /home/bien/ros1/ros1/clone_project/humainoid/op3/project_test/op3_test/op3_test1/no1_ROBOTIS-OP3/devel/share/op3_walking_module_msgs/cmake/op3_walking_module_msgsConfig.cmake
Symlinking /home/bien/ros1/ros1/clone_project/humainoid/op3/project_test/op3_test/op3_test1/no1_ROBOTIS-OP3/devel/share/op3_walking_module_msgs/cmake/op3_walking_module_msgs-msg-paths.cmake
Symlinking /home/bien/ros1/ros1/clone_project/humainoid/op3/project_test/op3_test/op3_test1/no1_ROBOTIS-OP3/devel/share/common-lisp/ros/op3_walking_module_msgs/srv/GetWalkingParam.lisp
Symlinking /home/bien/ros1/ros1/clone_project/humainoid/op3/project_test/op3_test/op3_test1/no1_ROBOTIS-OP3/devel/share/common-lisp/ros/op3_walking_module_msgs/srv/SetWalkingParam.lisp
Symlinking /home/bien/ros1/ros1/clone_project/humainoid/op3/project_test/op3_test/op3_test1/no1_ROBOTIS-OP3/devel/share/common-lisp/ros/op3_walking_module_msgs/srv/_package.lisp
Symlinking /home/bien/ros1/ros1/clone_project/humainoid/op3/project_test/op3_test/op3_test1/no1_ROBOTIS-OP3/devel/share/common-lisp/ros/op3_walking_module_msgs/srv/_package_SetWalkingParam.lisp
Symlinking /home/bien/ros1/ros1/clone_project/humainoid/op3/project_test/op3_test/op3_test1/no1_ROBOTIS-OP3/devel/share/common-lisp/ros/op3_walking_module_msgs/srv/op3_walking_module_msgs-srv.asd
Symlinking /home/bien/ros1/ros1/clone_project/humainoid/op3/project_test/op3_test/op3_test1/no1_ROBOTIS-OP3/devel/share/common-lisp/ros/op3_walking_module_msgs/srv/_package_GetWalkingParam.lisp
Symlinking /home/bien/ros1/ros1/clone_project/humainoid/op3/project_test/op3_test/op3_test1/no1_ROBOTIS-OP3/devel/share/common-lisp/ros/op3_walking_module_msgs/msg/_package.lisp
Symlinking /home/bien/ros1/ros1/clone_project/humainoid/op3/project_test/op3_test/op3_test1/no1_ROBOTIS-OP3/devel/share/common-lisp/ros/op3_walking_module_msgs/msg/op3_walking_module_msgs-msg.asd
Symlinking /home/bien/ros1/ros1/clone_project/humainoid/op3/project_test/op3_test/op3_test1/no1_ROBOTIS-OP3/devel/share/common-lisp/ros/op3_walking_module_msgs/msg/WalkingParam.lisp
Symlinking /home/bien/ros1/ros1/clone_project/humainoid/op3/project_test/op3_test/op3_test1/no1_ROBOTIS-OP3/devel/share/common-lisp/ros/op3_walking_module_msgs/msg/_package_WalkingParam.lisp
Symlinking /home/bien/ros1/ros1/clone_project/humainoid/op3/project_test/op3_test/op3_test1/no1_ROBOTIS-OP3/devel/share/gennodejs/ros/op3_walking_module_msgs/_index.js
Symlinking /home/bien/ros1/ros1/clone_project/humainoid/op3/project_test/op3_test/op3_test1/no1_ROBOTIS-OP3/devel/share/gennodejs/ros/op3_walking_module_msgs/srv/SetWalkingParam.js
Symlinking /home/bien/ros1/ros1/clone_project/humainoid/op3/project_test/op3_test/op3_test1/no1_ROBOTIS-OP3/devel/share/gennodejs/ros/op3_walking_module_msgs/srv/_index.js
Symlinking /home/bien/ros1/ros1/clone_project/humainoid/op3/project_test/op3_test/op3_test1/no1_ROBOTIS-OP3/devel/share/gennodejs/ros/op3_walking_module_msgs/srv/GetWalkingParam.js
Symlinking /home/bien/ros1/ros1/clone_project/humainoid/op3/project_test/op3_test/op3_test1/no1_ROBOTIS-OP3/devel/share/gennodejs/ros/op3_walking_module_msgs/msg/_index.js
Symlinking /home/bien/ros1/ros1/clone_project/humainoid/op3/project_test/op3_test/op3_test1/no1_ROBOTIS-OP3/devel/share/gennodejs/ros/op3_walking_module_msgs/msg/WalkingParam.js
Symlinking /home/bien/ros1/ros1/clone_project/humainoid/op3/project_test/op3_test/op3_test1/no1_ROBOTIS-OP3/devel/share/roseus/ros/op3_walking_module_msgs/manifest.l
Symlinking /home/bien/ros1/ros1/clone_project/humainoid/op3/project_test/op3_test/op3_test1/no1_ROBOTIS-OP3/devel/share/roseus/ros/op3_walking_module_msgs/srv/GetWalkingParam.l
Symlinking /home/bien/ros1/ros1/clone_project/humainoid/op3/project_test/op3_test/op3_test1/no1_ROBOTIS-OP3/devel/share/roseus/ros/op3_walking_module_msgs/srv/SetWalkingParam.l
Symlinking /home/bien/ros1/ros1/clone_project/humainoid/op3/project_test/op3_test/op3_test1/no1_ROBOTIS-OP3/devel/share/roseus/ros/op3_walking_module_msgs/msg/WalkingParam.l
Symlinking /home/bien/ros1/ros1/clone_project/humainoid/op3/project_test/op3_test/op3_test1/no1_ROBOTIS-OP3/devel/lib/python3/dist-packages/op3_walking_module_msgs/__init__.py
Symlinking /home/bien/ros1/ros1/clone_project/humainoid/op3/project_test/op3_test/op3_test1/no1_ROBOTIS-OP3/devel/lib/python3/dist-packages/op3_walking_module_msgs/srv/_SetWalkingParam.py
Symlinking /home/bien/ros1/ros1/clone_project/humainoid/op3/project_test/op3_test/op3_test1/no1_ROBOTIS-OP3/devel/lib/python3/dist-packages/op3_walking_module_msgs/srv/_GetWalkingParam.py
Symlinking /home/bien/ros1/ros1/clone_project/humainoid/op3/project_test/op3_test/op3_test1/no1_ROBOTIS-OP3/devel/lib/python3/dist-packages/op3_walking_module_msgs/srv/__init__.py
Symlinking /home/bien/ros1/ros1/clone_project/humainoid/op3/project_test/op3_test/op3_test1/no1_ROBOTIS-OP3/devel/lib/python3/dist-packages/op3_walking_module_msgs/msg/_WalkingParam.py
Symlinking /home/bien/ros1/ros1/clone_project/humainoid/op3/project_test/op3_test/op3_test1/no1_ROBOTIS-OP3/devel/lib/python3/dist-packages/op3_walking_module_msgs/msg/__init__.py
Symlinking /home/bien/ros1/ros1/clone_project/humainoid/op3/project_test/op3_test/op3_test1/no1_ROBOTIS-OP3/devel/lib/pkgconfig/op3_walking_module_msgs.pc
