Symlinking /home/bien/ros1/ros1/clone_project/humainoid/op3/project_test/op3_test/op3_test1/no1_ROBOTIS-OP3/devel/include/op3_tuning_module_msgs/GetPresentJointOffsetDataResponse.h
Symlinking /home/bien/ros1/ros1/clone_project/humainoid/op3/project_test/op3_test/op3_test1/no1_ROBOTIS-OP3/devel/include/op3_tuning_module_msgs/JointOffsetPositionData.h
Symlinking /home/bien/ros1/ros1/clone_project/humainoid/op3/project_test/op3_test/op3_test1/no1_ROBOTIS-OP3/devel/include/op3_tuning_module_msgs/JointOffsetData.h
Symlinking /home/bien/ros1/ros1/clone_project/humainoid/op3/project_test/op3_test/op3_test1/no1_ROBOTIS-OP3/devel/include/op3_tuning_module_msgs/GetPresentJointOffsetDataRequest.h
Symlinking /home/bien/ros1/ros1/clone_project/humainoid/op3/project_test/op3_test/op3_test1/no1_ROBOTIS-OP3/devel/include/op3_tuning_module_msgs/JointTorqueOnOff.h
Symlinking /home/bien/ros1/ros1/clone_project/humainoid/op3/project_test/op3_test/op3_test1/no1_ROBOTIS-OP3/devel/include/op3_tuning_module_msgs/GetPresentJointOffsetData.h
Symlinking /home/bien/ros1/ros1/clone_project/humainoid/op3/project_test/op3_test/op3_test1/no1_ROBOTIS-OP3/devel/include/op3_tuning_module_msgs/JointTorqueOnOffArray.h
Symlinking /home/bien/ros1/ros1/clone_project/humainoid/op3/project_test/op3_test/op3_test1/no1_ROBOTIS-OP3/devel/share/op3_tuning_module_msgs/cmake/op3_tuning_module_msgs-msg-paths.cmake
Symlinking /home/bien/ros1/ros1/clone_project/humainoid/op3/project_test/op3_test/op3_test1/no1_ROBOTIS-OP3/devel/share/op3_tuning_module_msgs/cmake/op3_tuning_module_msgs-msg-extras.cmake
Symlinking /home/bien/ros1/ros1/clone_project/humainoid/op3/project_test/op3_test/op3_test1/no1_ROBOTIS-OP3/devel/share/op3_tuning_module_msgs/cmake/op3_tuning_module_msgsConfig.cmake
Symlinking /home/bien/ros1/ros1/clone_project/humainoid/op3/project_test/op3_test/op3_test1/no1_ROBOTIS-OP3/devel/share/op3_tuning_module_msgs/cmake/op3_tuning_module_msgsConfig-version.cmake
Symlinking /home/bien/ros1/ros1/clone_project/humainoid/op3/project_test/op3_test/op3_test1/no1_ROBOTIS-OP3/devel/share/common-lisp/ros/op3_tuning_module_msgs/srv/_package.lisp
Symlinking /home/bien/ros1/ros1/clone_project/humainoid/op3/project_test/op3_test/op3_test1/no1_ROBOTIS-OP3/devel/share/common-lisp/ros/op3_tuning_module_msgs/srv/GetPresentJointOffsetData.lisp
Symlinking /home/bien/ros1/ros1/clone_project/humainoid/op3/project_test/op3_test/op3_test1/no1_ROBOTIS-OP3/devel/share/common-lisp/ros/op3_tuning_module_msgs/srv/_package_GetPresentJointOffsetData.lisp
Symlinking /home/bien/ros1/ros1/clone_project/humainoid/op3/project_test/op3_test/op3_test1/no1_ROBOTIS-OP3/devel/share/common-lisp/ros/op3_tuning_module_msgs/srv/op3_tuning_module_msgs-srv.asd
Symlinking /home/bien/ros1/ros1/clone_project/humainoid/op3/project_test/op3_test/op3_test1/no1_ROBOTIS-OP3/devel/share/common-lisp/ros/op3_tuning_module_msgs/msg/op3_tuning_module_msgs-msg.asd
Symlinking /home/bien/ros1/ros1/clone_project/humainoid/op3/project_test/op3_test/op3_test1/no1_ROBOTIS-OP3/devel/share/common-lisp/ros/op3_tuning_module_msgs/msg/_package_JointTorqueOnOffArray.lisp
Symlinking /home/bien/ros1/ros1/clone_project/humainoid/op3/project_test/op3_test/op3_test1/no1_ROBOTIS-OP3/devel/share/common-lisp/ros/op3_tuning_module_msgs/msg/_package.lisp
Symlinking /home/bien/ros1/ros1/clone_project/humainoid/op3/project_test/op3_test/op3_test1/no1_ROBOTIS-OP3/devel/share/common-lisp/ros/op3_tuning_module_msgs/msg/_package_JointOffsetData.lisp
Symlinking /home/bien/ros1/ros1/clone_project/humainoid/op3/project_test/op3_test/op3_test1/no1_ROBOTIS-OP3/devel/share/common-lisp/ros/op3_tuning_module_msgs/msg/JointOffsetData.lisp
Symlinking /home/bien/ros1/ros1/clone_project/humainoid/op3/project_test/op3_test/op3_test1/no1_ROBOTIS-OP3/devel/share/common-lisp/ros/op3_tuning_module_msgs/msg/JointOffsetPositionData.lisp
Symlinking /home/bien/ros1/ros1/clone_project/humainoid/op3/project_test/op3_test/op3_test1/no1_ROBOTIS-OP3/devel/share/common-lisp/ros/op3_tuning_module_msgs/msg/_package_JointTorqueOnOff.lisp
Symlinking /home/bien/ros1/ros1/clone_project/humainoid/op3/project_test/op3_test/op3_test1/no1_ROBOTIS-OP3/devel/share/common-lisp/ros/op3_tuning_module_msgs/msg/_package_JointOffsetPositionData.lisp
Symlinking /home/bien/ros1/ros1/clone_project/humainoid/op3/project_test/op3_test/op3_test1/no1_ROBOTIS-OP3/devel/share/common-lisp/ros/op3_tuning_module_msgs/msg/JointTorqueOnOff.lisp
Symlinking /home/bien/ros1/ros1/clone_project/humainoid/op3/project_test/op3_test/op3_test1/no1_ROBOTIS-OP3/devel/share/common-lisp/ros/op3_tuning_module_msgs/msg/JointTorqueOnOffArray.lisp
Symlinking /home/bien/ros1/ros1/clone_project/humainoid/op3/project_test/op3_test/op3_test1/no1_ROBOTIS-OP3/devel/share/gennodejs/ros/op3_tuning_module_msgs/_index.js
Symlinking /home/bien/ros1/ros1/clone_project/humainoid/op3/project_test/op3_test/op3_test1/no1_ROBOTIS-OP3/devel/share/gennodejs/ros/op3_tuning_module_msgs/srv/_index.js
Symlinking /home/bien/ros1/ros1/clone_project/humainoid/op3/project_test/op3_test/op3_test1/no1_ROBOTIS-OP3/devel/share/gennodejs/ros/op3_tuning_module_msgs/srv/GetPresentJointOffsetData.js
Symlinking /home/bien/ros1/ros1/clone_project/humainoid/op3/project_test/op3_test/op3_test1/no1_ROBOTIS-OP3/devel/share/gennodejs/ros/op3_tuning_module_msgs/msg/JointOffsetPositionData.js
Symlinking /home/bien/ros1/ros1/clone_project/humainoid/op3/project_test/op3_test/op3_test1/no1_ROBOTIS-OP3/devel/share/gennodejs/ros/op3_tuning_module_msgs/msg/JointOffsetData.js
Symlinking /home/bien/ros1/ros1/clone_project/humainoid/op3/project_test/op3_test/op3_test1/no1_ROBOTIS-OP3/devel/share/gennodejs/ros/op3_tuning_module_msgs/msg/JointTorqueOnOffArray.js
Symlinking /home/bien/ros1/ros1/clone_project/humainoid/op3/project_test/op3_test/op3_test1/no1_ROBOTIS-OP3/devel/share/gennodejs/ros/op3_tuning_module_msgs/msg/_index.js
Symlinking /home/bien/ros1/ros1/clone_project/humainoid/op3/project_test/op3_test/op3_test1/no1_ROBOTIS-OP3/devel/share/gennodejs/ros/op3_tuning_module_msgs/msg/JointTorqueOnOff.js
Symlinking /home/bien/ros1/ros1/clone_project/humainoid/op3/project_test/op3_test/op3_test1/no1_ROBOTIS-OP3/devel/share/roseus/ros/op3_tuning_module_msgs/manifest.l
Symlinking /home/bien/ros1/ros1/clone_project/humainoid/op3/project_test/op3_test/op3_test1/no1_ROBOTIS-OP3/devel/share/roseus/ros/op3_tuning_module_msgs/srv/GetPresentJointOffsetData.l
Symlinking /home/bien/ros1/ros1/clone_project/humainoid/op3/project_test/op3_test/op3_test1/no1_ROBOTIS-OP3/devel/share/roseus/ros/op3_tuning_module_msgs/msg/JointOffsetPositionData.l
Symlinking /home/bien/ros1/ros1/clone_project/humainoid/op3/project_test/op3_test/op3_test1/no1_ROBOTIS-OP3/devel/share/roseus/ros/op3_tuning_module_msgs/msg/JointTorqueOnOff.l
Symlinking /home/bien/ros1/ros1/clone_project/humainoid/op3/project_test/op3_test/op3_test1/no1_ROBOTIS-OP3/devel/share/roseus/ros/op3_tuning_module_msgs/msg/JointOffsetData.l
Symlinking /home/bien/ros1/ros1/clone_project/humainoid/op3/project_test/op3_test/op3_test1/no1_ROBOTIS-OP3/devel/share/roseus/ros/op3_tuning_module_msgs/msg/JointTorqueOnOffArray.l
Symlinking /home/bien/ros1/ros1/clone_project/humainoid/op3/project_test/op3_test/op3_test1/no1_ROBOTIS-OP3/devel/lib/python3/dist-packages/op3_tuning_module_msgs/__init__.py
Symlinking /home/bien/ros1/ros1/clone_project/humainoid/op3/project_test/op3_test/op3_test1/no1_ROBOTIS-OP3/devel/lib/python3/dist-packages/op3_tuning_module_msgs/srv/_GetPresentJointOffsetData.py
Symlinking /home/bien/ros1/ros1/clone_project/humainoid/op3/project_test/op3_test/op3_test1/no1_ROBOTIS-OP3/devel/lib/python3/dist-packages/op3_tuning_module_msgs/srv/__init__.py
Symlinking /home/bien/ros1/ros1/clone_project/humainoid/op3/project_test/op3_test/op3_test1/no1_ROBOTIS-OP3/devel/lib/python3/dist-packages/op3_tuning_module_msgs/msg/_JointOffsetPositionData.py
Symlinking /home/bien/ros1/ros1/clone_project/humainoid/op3/project_test/op3_test/op3_test1/no1_ROBOTIS-OP3/devel/lib/python3/dist-packages/op3_tuning_module_msgs/msg/_JointTorqueOnOff.py
Symlinking /home/bien/ros1/ros1/clone_project/humainoid/op3/project_test/op3_test/op3_test1/no1_ROBOTIS-OP3/devel/lib/python3/dist-packages/op3_tuning_module_msgs/msg/_JointOffsetData.py
Symlinking /home/bien/ros1/ros1/clone_project/humainoid/op3/project_test/op3_test/op3_test1/no1_ROBOTIS-OP3/devel/lib/python3/dist-packages/op3_tuning_module_msgs/msg/__init__.py
Symlinking /home/bien/ros1/ros1/clone_project/humainoid/op3/project_test/op3_test/op3_test1/no1_ROBOTIS-OP3/devel/lib/python3/dist-packages/op3_tuning_module_msgs/msg/_JointTorqueOnOffArray.py
Symlinking /home/bien/ros1/ros1/clone_project/humainoid/op3/project_test/op3_test/op3_test1/no1_ROBOTIS-OP3/devel/lib/pkgconfig/op3_tuning_module_msgs.pc
