[35m[1mScanning dependencies of target _op3_tuning_module_msgs_generate_messages_check_deps_JointTorqueOnOff[0m
[  0%] Built target _op3_tuning_module_msgs_generate_messages_check_deps_JointTorqueOnOff
[35m[1mScanning dependencies of target _op3_tuning_module_msgs_generate_messages_check_deps_JointOffsetPositionData[0m
[  0%] Built target _op3_tuning_module_msgs_generate_messages_check_deps_JointOffsetPositionData
[35m[1mScanning dependencies of target std_msgs_generate_messages_lisp[0m
[  0%] Built target std_msgs_generate_messages_lisp
[35m[1mScanning dependencies of target _op3_tuning_module_msgs_generate_messages_check_deps_JointTorqueOnOffArray[0m
[  0%] Built target _op3_tuning_module_msgs_generate_messages_check_deps_JointTorqueOnOffArray
[35m[1mScanning dependencies of target _op3_tuning_module_msgs_generate_messages_check_deps_GetPresentJointOffsetData[0m
[  0%] Built target _op3_tuning_module_msgs_generate_messages_check_deps_GetPresentJointOffsetData
[35m[1mScanning dependencies of target _op3_tuning_module_msgs_generate_messages_check_deps_JointOffsetData[0m
[  0%] Built target _op3_tuning_module_msgs_generate_messages_check_deps_JointOffsetData
[35m[1mScanning dependencies of target std_msgs_generate_messages_py[0m
[  0%] Built target std_msgs_generate_messages_py
[35m[1mScanning dependencies of target std_msgs_generate_messages_nodejs[0m
[  0%] Built target std_msgs_generate_messages_nodejs
[35m[1mScanning dependencies of target std_msgs_generate_messages_eus[0m
[  0%] Built target std_msgs_generate_messages_eus
[35m[1mScanning dependencies of target std_msgs_generate_messages_cpp[0m
[  0%] Built target std_msgs_generate_messages_cpp
[35m[1mScanning dependencies of target op3_tuning_module_msgs_generate_messages_lisp[0m
[  3%] [34m[1mGenerating Lisp code from op3_tuning_module_msgs/JointOffsetData.msg[0m
[  7%] [34m[1mGenerating Lisp code from op3_tuning_module_msgs/JointOffsetPositionData.msg[0m
[ 10%] [34m[1mGenerating Lisp code from op3_tuning_module_msgs/JointTorqueOnOff.msg[0m
[ 14%] [34m[1mGenerating Lisp code from op3_tuning_module_msgs/JointTorqueOnOffArray.msg[0m
[ 17%] [34m[1mGenerating Lisp code from op3_tuning_module_msgs/GetPresentJointOffsetData.srv[0m
[ 17%] Built target op3_tuning_module_msgs_generate_messages_lisp
[35m[1mScanning dependencies of target op3_tuning_module_msgs_generate_messages_py[0m
[ 21%] [34m[1mGenerating Python from MSG op3_tuning_module_msgs/JointOffsetData[0m
[ 25%] [34m[1mGenerating Python from MSG op3_tuning_module_msgs/JointOffsetPositionData[0m
[ 28%] [34m[1mGenerating Python from MSG op3_tuning_module_msgs/JointTorqueOnOff[0m
[ 32%] [34m[1mGenerating Python from MSG op3_tuning_module_msgs/JointTorqueOnOffArray[0m
[ 35%] [34m[1mGenerating Python code from SRV op3_tuning_module_msgs/GetPresentJointOffsetData[0m
[ 39%] [34m[1mGenerating Python msg __init__.py for op3_tuning_module_msgs[0m
[ 42%] [34m[1mGenerating Python srv __init__.py for op3_tuning_module_msgs[0m
[ 42%] Built target op3_tuning_module_msgs_generate_messages_py
[35m[1mScanning dependencies of target op3_tuning_module_msgs_generate_messages_nodejs[0m
[ 46%] [34m[1mGenerating Javascript code from op3_tuning_module_msgs/JointOffsetData.msg[0m
[ 50%] [34m[1mGenerating Javascript code from op3_tuning_module_msgs/JointOffsetPositionData.msg[0m
[ 53%] [34m[1mGenerating Javascript code from op3_tuning_module_msgs/JointTorqueOnOff.msg[0m
[ 57%] [34m[1mGenerating Javascript code from op3_tuning_module_msgs/JointTorqueOnOffArray.msg[0m
[ 60%] [34m[1mGenerating Javascript code from op3_tuning_module_msgs/GetPresentJointOffsetData.srv[0m
[ 60%] Built target op3_tuning_module_msgs_generate_messages_nodejs
[35m[1mScanning dependencies of target op3_tuning_module_msgs_generate_messages_eus[0m
[ 64%] [34m[1mGenerating EusLisp code from op3_tuning_module_msgs/JointOffsetData.msg[0m
[ 67%] [34m[1mGenerating EusLisp code from op3_tuning_module_msgs/JointOffsetPositionData.msg[0m
[ 71%] [34m[1mGenerating EusLisp code from op3_tuning_module_msgs/JointTorqueOnOff.msg[0m
[ 75%] [34m[1mGenerating EusLisp code from op3_tuning_module_msgs/JointTorqueOnOffArray.msg[0m
[ 78%] [34m[1mGenerating EusLisp code from op3_tuning_module_msgs/GetPresentJointOffsetData.srv[0m
[ 82%] [34m[1mGenerating EusLisp manifest code for op3_tuning_module_msgs[0m
[35m[1mScanning dependencies of target op3_tuning_module_msgs_generate_messages_cpp[0m
[ 85%] [34m[1mGenerating C++ code from op3_tuning_module_msgs/JointOffsetData.msg[0m
[ 89%] [34m[1mGenerating C++ code from op3_tuning_module_msgs/JointOffsetPositionData.msg[0m
[ 92%] [34m[1mGenerating C++ code from op3_tuning_module_msgs/JointTorqueOnOff.msg[0m
[ 96%] [34m[1mGenerating C++ code from op3_tuning_module_msgs/JointTorqueOnOffArray.msg[0m
[ 96%] Built target op3_tuning_module_msgs_generate_messages_eus
[100%] [34m[1mGenerating C++ code from op3_tuning_module_msgs/GetPresentJointOffsetData.srv[0m
[100%] Built target op3_tuning_module_msgs_generate_messages_cpp
[35m[1mScanning dependencies of target op3_tuning_module_msgs_generate_messages[0m
[100%] Built target op3_tuning_module_msgs_generate_messages
