[35m[1mScanning dependencies of target robotis_controller_msgs_generate_messages_nodejs[0m
[  0%] Built target robotis_controller_msgs_generate_messages_nodejs
[35m[1mScanning dependencies of target op3_tuning_module_msgs_generate_messages_py[0m
[  0%] Built target op3_tuning_module_msgs_generate_messages_py
[35m[1mScanning dependencies of target op3_tuning_module_msgs_generate_messages_nodejs[0m
[  0%] Built target op3_tuning_module_msgs_generate_messages_nodejs
[35m[1mScanning dependencies of target op3_tuning_module_msgs_generate_messages_eus[0m
[  0%] Built target op3_tuning_module_msgs_generate_messages_eus
[35m[1mScanning dependencies of target op3_tuning_module_msgs_generate_messages_cpp[0m
[  0%] Built target op3_tuning_module_msgs_generate_messages_cpp
[35m[1mScanning dependencies of target sensor_msgs_generate_messages_nodejs[0m
[  0%] Built target sensor_msgs_generate_messages_nodejs
[35m[1mScanning dependencies of target sensor_msgs_generate_messages_lisp[0m
[  0%] Built target sensor_msgs_generate_messages_lisp
[35m[1mScanning dependencies of target sensor_msgs_generate_messages_cpp[0m
[  0%] Built target sensor_msgs_generate_messages_cpp
[35m[1mScanning dependencies of target rosgraph_msgs_generate_messages_eus[0m
[  0%] Built target rosgraph_msgs_generate_messages_eus
[35m[1mScanning dependencies of target rosgraph_msgs_generate_messages_cpp[0m
[  0%] Built target rosgraph_msgs_generate_messages_cpp
[35m[1mScanning dependencies of target roscpp_generate_messages_nodejs[0m
[  0%] Built target roscpp_generate_messages_nodejs
[35m[1mScanning dependencies of target std_msgs_generate_messages_eus[0m
[  0%] Built target std_msgs_generate_messages_eus
[35m[1mScanning dependencies of target geometry_msgs_generate_messages_lisp[0m
[  0%] Built target geometry_msgs_generate_messages_lisp
[35m[1mScanning dependencies of target geometry_msgs_generate_messages_cpp[0m
[  0%] Built target geometry_msgs_generate_messages_cpp
[35m[1mScanning dependencies of target geometry_msgs_generate_messages_nodejs[0m
[  0%] Built target geometry_msgs_generate_messages_nodejs
[35m[1mScanning dependencies of target roscpp_generate_messages_eus[0m
[  0%] Built target roscpp_generate_messages_eus
[35m[1mScanning dependencies of target robotis_controller_msgs_generate_messages_lisp[0m
[  0%] Built target robotis_controller_msgs_generate_messages_lisp
[35m[1mScanning dependencies of target sensor_msgs_generate_messages_eus[0m
[  0%] Built target sensor_msgs_generate_messages_eus
[35m[1mScanning dependencies of target roscpp_generate_messages_cpp[0m
[  0%] Built target roscpp_generate_messages_cpp
[35m[1mScanning dependencies of target sensor_msgs_generate_messages_py[0m
[  0%] Built target sensor_msgs_generate_messages_py
[35m[1mScanning dependencies of target geometry_msgs_generate_messages_py[0m
[  0%] Built target geometry_msgs_generate_messages_py
[35m[1mScanning dependencies of target roscpp_generate_messages_py[0m
[  0%] Built target roscpp_generate_messages_py
[35m[1mScanning dependencies of target rosgraph_msgs_generate_messages_py[0m
[  0%] Built target rosgraph_msgs_generate_messages_py
[35m[1mScanning dependencies of target robotis_controller_msgs_generate_messages_py[0m
[  0%] Built target robotis_controller_msgs_generate_messages_py
[35m[1mScanning dependencies of target rosgraph_msgs_generate_messages_lisp[0m
[  0%] Built target rosgraph_msgs_generate_messages_lisp
[35m[1mScanning dependencies of target roscpp_generate_messages_lisp[0m
[  0%] Built target roscpp_generate_messages_lisp
[35m[1mScanning dependencies of target op3_tuning_module_msgs_generate_messages_lisp[0m
[  0%] Built target op3_tuning_module_msgs_generate_messages_lisp
[35m[1mScanning dependencies of target robotis_controller_msgs_generate_messages_eus[0m
[  0%] Built target robotis_controller_msgs_generate_messages_eus
[35m[1mScanning dependencies of target rosgraph_msgs_generate_messages_nodejs[0m
[  0%] Built target rosgraph_msgs_generate_messages_nodejs
[35m[1mScanning dependencies of target std_msgs_generate_messages_cpp[0m
[  0%] Built target std_msgs_generate_messages_cpp
[35m[1mScanning dependencies of target std_msgs_generate_messages_py[0m
[  0%] Built target std_msgs_generate_messages_py
[35m[1mScanning dependencies of target std_msgs_generate_messages_nodejs[0m
[  0%] Built target std_msgs_generate_messages_nodejs
[35m[1mScanning dependencies of target geometry_msgs_generate_messages_eus[0m
[  0%] Built target geometry_msgs_generate_messages_eus
[35m[1mScanning dependencies of target std_msgs_generate_messages_lisp[0m
[  0%] Built target std_msgs_generate_messages_lisp
[35m[1mScanning dependencies of target robotis_controller_msgs_generate_messages_cpp[0m
[  0%] Built target robotis_controller_msgs_generate_messages_cpp
[35m[1mScanning dependencies of target op3_tuning_module[0m
[ 25%] [32mBuilding CXX object CMakeFiles/op3_tuning_module.dir/src/tuning_module.cpp.o[0m
[ 50%] [32mBuilding CXX object CMakeFiles/op3_tuning_module.dir/src/tuning_module_state.cpp.o[0m
[ 75%] [32mBuilding CXX object CMakeFiles/op3_tuning_module.dir/src/tuning_data.cpp.o[0m
[100%] [32m[1mLinking CXX shared library /home/bien/ros1/ros1/clone_project/humainoid/op3/project_test/op3_test/op3_test1/no1_ROBOTIS-OP3/devel/.private/op3_tuning_module/lib/libop3_tuning_module.so[0m
[100%] Built target op3_tuning_module
